#
# There is insufficient memory for the Java Runtime Environment to continue.
# Native memory allocation (malloc) failed to allocate 81856 bytes. Error detail: Chunk::new
# Possible reasons:
#   The system is out of physical RAM or swap space
#   This process is running with CompressedOops enabled, and the Java Heap may be blocking the growth of the native heap
# Possible solutions:
#   Reduce memory load on the system
#   Increase physical memory or swap space
#   Check if swap backing store is full
#   Decrease Java heap size (-Xmx/-Xms)
#   Decrease number of Java threads
#   Decrease Java thread stack sizes (-Xss)
#   Set larger code cache with -XX:ReservedCodeCacheSize=
#   JVM is running with Unscaled Compressed Oops mode in which the Java heap is
#     placed in the first 4GB address space. The Java Heap base address is the
#     maximum limit for the native heap growth. Please use -XX:HeapBaseMinAddress
#     to set the Java Heap base and to place the Java Heap above 4GB virtual address.
# This output file may be truncated or incomplete.
#
#  Out of Memory Error (arena.cpp:168), pid=26200, tid=27824
#
# JRE version: OpenJDK Runtime Environment Temurin-21.0.8+9 (21.0.8+9) (build 21.0.8+9-LTS)
# Java VM: OpenJDK 64-Bit Server VM Temurin-21.0.8+9 (21.0.8+9-LTS, mixed mode, sharing, tiered, compressed oops, compressed class ptrs, parallel gc, windows-amd64)
# No core dump will be written. Minidumps are not enabled by default on client versions of Windows
#

---------------  S U M M A R Y ------------

Command Line: --add-modules=ALL-SYSTEM --add-opens=java.base/java.util=ALL-UNNAMED --add-opens=java.base/java.lang=ALL-UNNAMED --add-opens=java.base/sun.nio.fs=ALL-UNNAMED -Declipse.application=org.eclipse.jdt.ls.core.id1 -Dosgi.bundles.defaultStartLevel=4 -Declipse.product=org.eclipse.jdt.ls.core.product -Djava.import.generatesMetadataFilesAtProjectRoot=false -DDetectVMInstallationsJob.disabled=true -Dfile.encoding=utf8 -XX:+UseParallelGC -XX:GCTimeRatio=4 -XX:AdaptiveSizePolicyWeight=90 -Dsun.zip.disableMemoryMapping=true -Xmx2G -Xms100m -Xlog:disable -javaagent:c:\Users\ASUS\.vscode\extensions\redhat.java-1.46.0-win32-x64\lombok\lombok-1.18.39-4050.jar -XX:+HeapDumpOnOutOfMemoryError -XX:HeapDumpPath=c:\Users\ASUS\AppData\Roaming\Code\User\workspaceStorage\41ae7d1129ff58fce0dc0a0701183406\redhat.java -Daether.dependencyCollector.impl=bf F:\VSCode\extensions\redhat.java-1.46.0-win32-x64\server\plugins\org.eclipse.equinox.launcher_1.7.0.v20250519-0528.jar -configuration c:\Users\ASUS\AppData\Roaming\Code\User\globalStorage\redhat.java\1.46.0\config_win -data c:\Users\ASUS\AppData\Roaming\Code\User\workspaceStorage\41ae7d1129ff58fce0dc0a0701183406\redhat.java\jdt_ws --pipe=\\.\pipe\lsp-8a59abf31eb09d5f97e2af8736c0d917-sock

Host: 13th Gen Intel(R) Core(TM) i5-13500H, 16 cores, 15G,  Windows 11 , 64 bit Build 22621 (10.0.22621.5415)
Time: Thu Oct 30 10:38:43 2025 SE Asia Standard Time elapsed time: 98.410798 seconds (0d 0h 1m 38s)

---------------  T H R E A D  ---------------

Current thread (0x000002271d162c70):  JavaThread "C2 CompilerThread1" daemon [_thread_in_native, id=27824, stack(0x000000570c000000,0x000000570c100000) (1024K)]


Current CompileTask:
C2:98410 8815       4       java.io.ObjectInputStream$BlockDataInputStream::peek (55 bytes)

Stack: [0x000000570c000000,0x000000570c100000]
Native frames: (J=compiled Java code, j=interpreted, Vv=VM code, C=native code)
V  [jvm.dll+0x6d2449]
V  [jvm.dll+0x8ae341]
V  [jvm.dll+0x8b08be]
V  [jvm.dll+0x8b0fa3]
V  [jvm.dll+0x280c96]
V  [jvm.dll+0xc581d]
V  [jvm.dll+0xc5d53]
V  [jvm.dll+0x3b919c]
V  [jvm.dll+0x385315]
V  [jvm.dll+0x38477a]
V  [jvm.dll+0x248ed0]
V  [jvm.dll+0x2484af]
V  [jvm.dll+0x1c89ee]
V  [jvm.dll+0x257d4d]
V  [jvm.dll+0x2562ea]
V  [jvm.dll+0x3f2d16]
V  [jvm.dll+0x857e6b]
V  [jvm.dll+0x6d0b0d]
C  [ucrtbase.dll+0x29333]
C  [KERNEL32.DLL+0x1259d]
C  [ntdll.dll+0x5af78]


---------------  P R O C E S S  ---------------

Threads class SMR info:
_java_thread_list=0x000002271bad9080, length=62, elements={
0x00000226b9f0e660, 0x00000226b9ebc4f0, 0x0000022712f53f50, 0x0000022712f59cb0,
0x0000022712f5abc0, 0x0000022712f5cd40, 0x0000022712f5e3b0, 0x0000022712f61330,
0x0000022712f86890, 0x00000227130470f0, 0x00000227132e7320, 0x0000022714bd2620,
0x0000022714aa3300, 0x0000022712fd0e70, 0x0000022713123db0, 0x0000022714cc8a00,
0x0000022719093e20, 0x000002271944c370, 0x0000022713012630, 0x0000022714e01580,
0x0000022714e01c10, 0x0000022714e022a0, 0x0000022714e04370, 0x0000022714e04a00,
0x0000022714e02930, 0x0000022714e02fc0, 0x0000022714e03650, 0x0000022714e03ce0,
0x000002271b0415b0, 0x000002271b03f4e0, 0x000002271b040f20, 0x000002271b03c060,
0x000002271b03e130, 0x000002271b03e7c0, 0x000002271b041c40, 0x000002271b03ee50,
0x000002271b03fb70, 0x000002271b03d410, 0x000002271b03daa0, 0x000002271b0422d0,
0x000002271b040200, 0x000002271b042960, 0x000002271b042ff0, 0x000002271b043680,
0x000002271b040890, 0x000002271b03c6f0, 0x00000227196acbb0, 0x00000227196b2790,
0x00000227196ad8d0, 0x00000227196b41d0, 0x00000227196b2100, 0x00000227196b06c0,
0x00000227196b1a70, 0x00000227196b0d50, 0x00000227196ad240, 0x00000227196b2e20,
0x00000227196b34b0, 0x00000227196adf60, 0x00000227131a7110, 0x000002271ce26940,
0x000002271ce26fe0, 0x000002271d162c70
}

Java Threads: ( => current thread )
  0x00000226b9f0e660 JavaThread "main"                              [_thread_blocked, id=21216, stack(0x0000005707a00000,0x0000005707b00000) (1024K)]
  0x00000226b9ebc4f0 JavaThread "Reference Handler"          daemon [_thread_blocked, id=380, stack(0x0000005707e00000,0x0000005707f00000) (1024K)]
  0x0000022712f53f50 JavaThread "Finalizer"                  daemon [_thread_blocked, id=19188, stack(0x0000005707f00000,0x0000005708000000) (1024K)]
  0x0000022712f59cb0 JavaThread "Signal Dispatcher"          daemon [_thread_blocked, id=2636, stack(0x0000005708000000,0x0000005708100000) (1024K)]
  0x0000022712f5abc0 JavaThread "Attach Listener"            daemon [_thread_blocked, id=13984, stack(0x0000005708100000,0x0000005708200000) (1024K)]
  0x0000022712f5cd40 JavaThread "Service Thread"             daemon [_thread_blocked, id=26072, stack(0x0000005708200000,0x0000005708300000) (1024K)]
  0x0000022712f5e3b0 JavaThread "Monitor Deflation Thread"   daemon [_thread_blocked, id=13676, stack(0x0000005708300000,0x0000005708400000) (1024K)]
  0x0000022712f61330 JavaThread "C2 CompilerThread0"         daemon [_thread_in_native, id=25516, stack(0x0000005708400000,0x0000005708500000) (1024K)]
  0x0000022712f86890 JavaThread "C1 CompilerThread0"         daemon [_thread_blocked, id=7772, stack(0x0000005708500000,0x0000005708600000) (1024K)]
  0x00000227130470f0 JavaThread "Common-Cleaner"             daemon [_thread_blocked, id=21904, stack(0x0000005708600000,0x0000005708700000) (1024K)]
  0x00000227132e7320 JavaThread "Notification Thread"        daemon [_thread_blocked, id=8348, stack(0x0000005708b00000,0x0000005708c00000) (1024K)]
  0x0000022714bd2620 JavaThread "Active Thread: Equinox Container: d42cb2ed-d7dd-4252-bd30-e2d1d8995e91"        [_thread_blocked, id=2408, stack(0x0000005709300000,0x0000005709400000) (1024K)]
  0x0000022714aa3300 JavaThread "Refresh Thread: Equinox Container: d42cb2ed-d7dd-4252-bd30-e2d1d8995e91" daemon [_thread_blocked, id=18972, stack(0x0000005708700000,0x0000005708800000) (1024K)]
  0x0000022712fd0e70 JavaThread "Framework Event Dispatcher: Equinox Container: d42cb2ed-d7dd-4252-bd30-e2d1d8995e91" daemon [_thread_blocked, id=15956, stack(0x0000005708800000,0x0000005708900000) (1024K)]
  0x0000022713123db0 JavaThread "Start Level: Equinox Container: d42cb2ed-d7dd-4252-bd30-e2d1d8995e91" daemon [_thread_blocked, id=3868, stack(0x0000005708900000,0x0000005708a00000) (1024K)]
  0x0000022714cc8a00 JavaThread "Bundle File Closer"         daemon [_thread_blocked, id=24476, stack(0x0000005709800000,0x0000005709900000) (1024K)]
  0x0000022719093e20 JavaThread "SCR Component Actor"        daemon [_thread_blocked, id=26388, stack(0x0000005709900000,0x0000005709a00000) (1024K)]
  0x000002271944c370 JavaThread "Worker-JM"                         [_thread_blocked, id=16160, stack(0x0000005709b00000,0x0000005709c00000) (1024K)]
  0x0000022713012630 JavaThread "Worker-0: Initialize Workspace"        [_thread_blocked, id=19376, stack(0x0000005709c00000,0x0000005709d00000) (1024K)]
  0x0000022714e01580 JavaThread "Worker-1"                          [_thread_blocked, id=13552, stack(0x0000005709d00000,0x0000005709e00000) (1024K)]
  0x0000022714e01c10 JavaThread "Java indexing"              daemon [_thread_blocked, id=18980, stack(0x0000005709f00000,0x000000570a000000) (1024K)]
  0x0000022714e022a0 JavaThread "JNA Cleaner"                daemon [_thread_blocked, id=4456, stack(0x000000570a000000,0x000000570a100000) (1024K)]
  0x0000022714e04370 JavaThread "Worker-2"                          [_thread_blocked, id=23236, stack(0x000000570a100000,0x000000570a200000) (1024K)]
  0x0000022714e04a00 JavaThread "Worker-3"                          [_thread_blocked, id=14620, stack(0x000000570a200000,0x000000570a300000) (1024K)]
  0x0000022714e02930 JavaThread "Worker-4"                          [_thread_blocked, id=26552, stack(0x000000570a300000,0x000000570a400000) (1024K)]
  0x0000022714e02fc0 JavaThread "Worker-5"                          [_thread_blocked, id=9004, stack(0x000000570a400000,0x000000570a500000) (1024K)]
  0x0000022714e03650 JavaThread "Thread-1"                   daemon [_thread_in_native, id=3280, stack(0x000000570a500000,0x000000570a600000) (1024K)]
  0x0000022714e03ce0 JavaThread "Thread-2"                   daemon [_thread_in_native, id=10904, stack(0x000000570a600000,0x000000570a700000) (1024K)]
  0x000002271b0415b0 JavaThread "Thread-3"                   daemon [_thread_in_native, id=10856, stack(0x000000570a700000,0x000000570a800000) (1024K)]
  0x000002271b03f4e0 JavaThread "Thread-4"                   daemon [_thread_in_native, id=10200, stack(0x000000570a800000,0x000000570a900000) (1024K)]
  0x000002271b040f20 JavaThread "Thread-5"                   daemon [_thread_in_native, id=4548, stack(0x000000570a900000,0x000000570aa00000) (1024K)]
  0x000002271b03c060 JavaThread "Thread-6"                   daemon [_thread_in_native, id=7516, stack(0x000000570aa00000,0x000000570ab00000) (1024K)]
  0x000002271b03e130 JavaThread "Thread-7"                   daemon [_thread_in_native, id=23304, stack(0x000000570ab00000,0x000000570ac00000) (1024K)]
  0x000002271b03e7c0 JavaThread "Thread-8"                   daemon [_thread_in_native, id=1376, stack(0x000000570ac00000,0x000000570ad00000) (1024K)]
  0x000002271b041c40 JavaThread "Thread-9"                   daemon [_thread_in_native, id=22180, stack(0x000000570ad00000,0x000000570ae00000) (1024K)]
  0x000002271b03ee50 JavaThread "Thread-10"                  daemon [_thread_in_native, id=22024, stack(0x000000570ae00000,0x000000570af00000) (1024K)]
  0x000002271b03fb70 JavaThread "Thread-11"                  daemon [_thread_in_native, id=8620, stack(0x000000570af00000,0x000000570b000000) (1024K)]
  0x000002271b03d410 JavaThread "Thread-12"                  daemon [_thread_in_native, id=23656, stack(0x000000570b000000,0x000000570b100000) (1024K)]
  0x000002271b03daa0 JavaThread "Thread-13"                  daemon [_thread_in_native, id=20004, stack(0x000000570b100000,0x000000570b200000) (1024K)]
  0x000002271b0422d0 JavaThread "Thread-14"                  daemon [_thread_in_native, id=9028, stack(0x000000570b200000,0x000000570b300000) (1024K)]
  0x000002271b040200 JavaThread "Thread-15"                  daemon [_thread_in_native, id=8768, stack(0x000000570b300000,0x000000570b400000) (1024K)]
  0x000002271b042960 JavaThread "Thread-16"                  daemon [_thread_in_native, id=22536, stack(0x000000570b400000,0x000000570b500000) (1024K)]
  0x000002271b042ff0 JavaThread "Thread-17"                  daemon [_thread_in_native, id=5892, stack(0x000000570b500000,0x000000570b600000) (1024K)]
  0x000002271b043680 JavaThread "pool-2-thread-1"                   [_thread_blocked, id=18152, stack(0x000000570b600000,0x000000570b700000) (1024K)]
  0x000002271b040890 JavaThread "WorkspaceEventsHandler"            [_thread_blocked, id=21900, stack(0x000000570b700000,0x000000570b800000) (1024K)]
  0x000002271b03c6f0 JavaThread "pool-1-thread-1"                   [_thread_blocked, id=25352, stack(0x000000570b800000,0x000000570b900000) (1024K)]
  0x00000227196acbb0 JavaThread "Timer-0"                           [_thread_blocked, id=8444, stack(0x000000570bb00000,0x000000570bc00000) (1024K)]
  0x00000227196b2790 JavaThread "Timer-1"                           [_thread_blocked, id=5916, stack(0x000000570bc00000,0x000000570bd00000) (1024K)]
  0x00000227196ad8d0 JavaThread "Timer-2"                           [_thread_blocked, id=18224, stack(0x000000570bd00000,0x000000570be00000) (1024K)]
  0x00000227196b41d0 JavaThread "Timer-3"                           [_thread_blocked, id=23168, stack(0x000000570be00000,0x000000570bf00000) (1024K)]
  0x00000227196b2100 JavaThread "Timer-4"                           [_thread_blocked, id=12824, stack(0x000000570bf00000,0x000000570c000000) (1024K)]
  0x00000227196b06c0 JavaThread "Exec process"                      [_thread_blocked, id=12840, stack(0x000000570c400000,0x000000570c500000) (1024K)]
  0x00000227196b1a70 JavaThread "Exec process Thread 2"             [_thread_blocked, id=11492, stack(0x000000570c500000,0x000000570c600000) (1024K)]
  0x00000227196b0d50 JavaThread "Exec process Thread 3"             [_thread_blocked, id=25084, stack(0x000000570c600000,0x000000570c700000) (1024K)]
  0x00000227196ad240 JavaThread "Timer-5"                           [_thread_blocked, id=26508, stack(0x000000570c100000,0x000000570c200000) (1024K)]
  0x00000227196b2e20 JavaThread "Timer-6"                           [_thread_blocked, id=22172, stack(0x000000570c800000,0x000000570c900000) (1024K)]
  0x00000227196b34b0 JavaThread "Connection worker"                 [_thread_in_native, id=18292, stack(0x000000570c900000,0x000000570ca00000) (1024K)]
  0x00000227196adf60 JavaThread "pool-4-thread-1"                   [_thread_blocked, id=19880, stack(0x000000570ca00000,0x000000570cb00000) (1024K)]
  0x00000227131a7110 JavaThread "C1 CompilerThread1"         daemon [_thread_blocked, id=24016, stack(0x0000005707800000,0x0000005707900000) (1024K)]
  0x000002271ce26940 JavaThread "C1 CompilerThread2"         daemon [_thread_blocked, id=28084, stack(0x0000005707900000,0x0000005707a00000) (1024K)]
  0x000002271ce26fe0 JavaThread "C1 CompilerThread3"         daemon [_thread_blocked, id=1868, stack(0x0000005708a00000,0x0000005708b00000) (1024K)]
=>0x000002271d162c70 JavaThread "C2 CompilerThread1"         daemon [_thread_in_native, id=27824, stack(0x000000570c000000,0x000000570c100000) (1024K)]
Total: 62

Other Threads:
  0x00000226b7b13f60 VMThread "VM Thread"                           [id=7840, stack(0x0000005707d00000,0x0000005707e00000) (1024K)]
  0x00000226b9d9ca10 WatcherThread "VM Periodic Task Thread"        [id=4976, stack(0x0000005707c00000,0x0000005707d00000) (1024K)]
  0x00000226b7b12d40 WorkerThread "GC Thread#0"                     [id=16036, stack(0x0000005707b00000,0x0000005707c00000) (1024K)]
  0x00000226b7b130e0 WorkerThread "GC Thread#1"                     [id=3844, stack(0x0000005708d00000,0x0000005708e00000) (1024K)]
  0x0000022714dbcb20 WorkerThread "GC Thread#2"                     [id=9852, stack(0x0000005708e00000,0x0000005708f00000) (1024K)]
  0x0000022714dba6e0 WorkerThread "GC Thread#3"                     [id=24340, stack(0x0000005708f00000,0x0000005709000000) (1024K)]
  0x0000022714dbb900 WorkerThread "GC Thread#4"                     [id=15076, stack(0x0000005709000000,0x0000005709100000) (1024K)]
  0x0000022714dbb1c0 WorkerThread "GC Thread#5"                     [id=17620, stack(0x0000005709100000,0x0000005709200000) (1024K)]
  0x0000022714db9120 WorkerThread "GC Thread#6"                     [id=22608, stack(0x0000005709200000,0x0000005709300000) (1024K)]
  0x0000022714db94c0 WorkerThread "GC Thread#7"                     [id=8604, stack(0x0000005709400000,0x0000005709500000) (1024K)]
  0x0000022714dbc3e0 WorkerThread "GC Thread#8"                     [id=6164, stack(0x0000005709500000,0x0000005709600000) (1024K)]
  0x0000022714dbc780 WorkerThread "GC Thread#9"                     [id=16984, stack(0x0000005709600000,0x0000005709700000) (1024K)]
  0x0000022714db9860 WorkerThread "GC Thread#10"                    [id=24008, stack(0x0000005709700000,0x0000005709800000) (1024K)]
  0x0000022714db9c00 WorkerThread "GC Thread#11"                    [id=20776, stack(0x0000005709a00000,0x0000005709b00000) (1024K)]
  0x0000022714dbbca0 WorkerThread "GC Thread#12"                    [id=22564, stack(0x0000005709e00000,0x0000005709f00000) (1024K)]
Total: 15

Threads with active compile tasks:
C2 CompilerThread0  98445 8808       4       java.io.ObjectInputStream::readClassDesc (121 bytes)
C2 CompilerThread1  98445 8815       4       java.io.ObjectInputStream$BlockDataInputStream::peek (55 bytes)
Total: 2

VM state: not at safepoint (normal execution)

VM Mutex/Monitor currently owned by a thread: None

Heap address: 0x0000000080000000, size: 2048 MB, Compressed Oops mode: 32-bit

CDS archive(s) mapped at: [0x00000226d1000000-0x00000226d1ba0000-0x00000226d1ba0000), size 12189696, SharedBaseAddress: 0x00000226d1000000, ArchiveRelocationMode: 1.
Compressed class space mapped at: 0x00000226d2000000-0x0000022712000000, reserved size: 1073741824
Narrow klass base: 0x00000226d1000000, Narrow klass shift: 0, Narrow klass range: 0x100000000

GC Precious Log:
 CardTable entry size: 512
 CPUs: 16 total, 16 available
 Memory: 16008M
 Large Page Support: Disabled
 NUMA Support: Disabled
 Compressed Oops: Enabled (32-bit)
 Alignments: Space 512K, Generation 512K, Heap 2M
 Heap Min Capacity: 100M
 Heap Initial Capacity: 100M
 Heap Max Capacity: 2G
 Pre-touch: Disabled
 Parallel Workers: 13

Heap:
 PSYoungGen      total 14336K, used 4613K [0x00000000d5580000, 0x00000000d6600000, 0x0000000100000000)
  eden space 13824K, 30% used [0x00000000d5580000,0x00000000d59a96c8,0x00000000d6300000)
  from space 512K, 68% used [0x00000000d6580000,0x00000000d65d8000,0x00000000d6600000)
  to   space 512K, 0% used [0x00000000d6500000,0x00000000d6500000,0x00000000d6580000)
 ParOldGen       total 68608K, used 47720K [0x0000000080000000, 0x0000000084300000, 0x00000000d5580000)
  object space 68608K, 69% used [0x0000000080000000,0x0000000082e9a328,0x0000000084300000)
 Metaspace       used 68330K, committed 69696K, reserved 1114112K
  class space    used 8577K, committed 9152K, reserved 1048576K

Card table byte_map: [0x00000226b98b0000,0x00000226b9cc0000] _byte_map_base: 0x00000226b94b0000

Marking Bits: (ParMarkBitMap*) 0x00007fff7280a340
 Begin Bits: [0x00000226cc3b0000, 0x00000226ce3b0000)
 End Bits:   [0x00000226ce3b0000, 0x00000226d03b0000)

Polling page: 0x00000226b7d90000

Metaspace:

Usage:
  Non-class:     58.35 MB used.
      Class:      8.38 MB used.
       Both:     66.73 MB used.

Virtual space:
  Non-class space:       64.00 MB reserved,      59.12 MB ( 92%) committed,  1 nodes.
      Class space:        1.00 GB reserved,       8.94 MB ( <1%) committed,  1 nodes.
             Both:        1.06 GB reserved,      68.06 MB (  6%) committed. 

Chunk freelists:
   Non-Class:  4.08 MB
       Class:  6.95 MB
        Both:  11.03 MB

MaxMetaspaceSize: unlimited
CompressedClassSpaceSize: 1.00 GB
Initial GC threshold: 21.00 MB
Current GC threshold: 98.12 MB
CDS: on
 - commit_granule_bytes: 65536.
 - commit_granule_words: 8192.
 - virtual_space_node_default_size: 8388608.
 - enlarge_chunks_in_place: 1.
 - use_allocation_guard: 0.


Internal statistics:

num_allocs_failed_limit: 13.
num_arena_births: 1136.
num_arena_deaths: 18.
num_vsnodes_births: 2.
num_vsnodes_deaths: 0.
num_space_committed: 1089.
num_space_uncommitted: 0.
num_chunks_returned_to_freelist: 32.
num_chunks_taken_from_freelist: 3878.
num_chunk_merges: 13.
num_chunk_splits: 2519.
num_chunks_enlarged: 1633.
num_inconsistent_stats: 0.

CodeHeap 'non-profiled nmethods': size=119168Kb used=4740Kb max_used=4740Kb free=114427Kb
 bounds [0x00000226c4ca0000, 0x00000226c5150000, 0x00000226cc100000]
CodeHeap 'profiled nmethods': size=119104Kb used=16220Kb max_used=16220Kb free=102883Kb
 bounds [0x00000226bd100000, 0x00000226be0e0000, 0x00000226c4550000]
CodeHeap 'non-nmethods': size=7488Kb used=3112Kb max_used=3131Kb free=4375Kb
 bounds [0x00000226c4550000, 0x00000226c48c0000, 0x00000226c4ca0000]
CodeCache: size=245760Kb, used=24072Kb, max_used=24091Kb, free=221685Kb
 total_blobs=8859, nmethods=8128, adapters=634, full_count=0
Compilation: enabled, stopped_count=0, restarted_count=0

Compilation events (20 events):
Event: 98.350 Thread 0x00000227131a7110 8807       3       org.gradle.tooling.events.internal.DefaultOperationSuccessResult::<init> (15 bytes)
Event: 98.350 Thread 0x00000227131a7110 nmethod 8807 0x00000226be0d0510 code [0x00000226be0d06c0, 0x00000226be0d0830]
Event: 98.350 Thread 0x000002271ce26940 nmethod 8804 0x00000226be0d0910 code [0x00000226be0d0b00, 0x00000226be0d0f20]
Event: 98.350 Thread 0x000002271ce26fe0 nmethod 8805 0x00000226be0d1190 code [0x00000226be0d1380, 0x00000226be0d17a0]
Event: 98.351 Thread 0x0000022712f86890 nmethod 8806 0x00000226be0d1a10 code [0x00000226be0d1ce0, 0x00000226be0d2c88]
Event: 98.352 Thread 0x0000022712f86890 8810       3       java.io.ObjectInputStream$BlockDataInputStream::peek (55 bytes)
Event: 98.352 Thread 0x0000022712f86890 nmethod 8810 0x00000226be0d3290 code [0x00000226be0d3460, 0x00000226be0d3728]
Event: 98.386 Thread 0x0000022712f61330 nmethod 8803 0x00000226c513e790 code [0x00000226c513ea40, 0x00000226c513feb8]
Event: 98.386 Thread 0x0000022712f61330 8809       4       org.gradle.internal.operations.OperationIdentifier::hashCode (14 bytes)
Event: 98.387 Thread 0x0000022712f61330 nmethod 8809 0x00000226c5141010 code [0x00000226c51411a0, 0x00000226c5141238]
Event: 98.387 Thread 0x0000022712f61330 8808       4       java.io.ObjectInputStream::readClassDesc (121 bytes)
Event: 98.400 Thread 0x000002271ce26fe0 8816  s    3       org.gradle.tooling.internal.consumer.parameters.BuildProgressListenerAdapter::removeDescriptor (52 bytes)
Event: 98.400 Thread 0x0000022712f86890 8817       3       org.gradle.internal.build.event.types.DefaultOperationFinishedProgressEvent::getDisplayName (39 bytes)
Event: 98.400 Thread 0x000002271ce26940 8818       3       org.gradle.tooling.internal.consumer.parameters.BuildProgressListenerAdapter::toResult (65 bytes)
Event: 98.400 Thread 0x00000227131a7110 8819       3       org.gradle.tooling.events.internal.DefaultFinishEvent::<init> (15 bytes)
Event: 98.401 Thread 0x00000227131a7110 nmethod 8819 0x00000226be0d3890 code [0x00000226be0d3a40, 0x00000226be0d3c48]
Event: 98.401 Thread 0x0000022712f86890 nmethod 8817 0x00000226be0d3d90 code [0x00000226be0d3fc0, 0x00000226be0d4808]
Event: 98.401 Thread 0x000002271ce26940 nmethod 8818 0x00000226be0d4b10 code [0x00000226be0d4d40, 0x00000226be0d5820]
Event: 98.401 Thread 0x000002271ce26fe0 nmethod 8816 0x00000226be0d5b10 code [0x00000226be0d5dc0, 0x00000226be0d6d20]
Event: 98.404 Thread 0x000002271d162c70 8815       4       java.io.ObjectInputStream$BlockDataInputStream::peek (55 bytes)

GC Heap History (20 events):
Event: 20.631 GC heap before
{Heap before GC invocations=48 (full 3):
 PSYoungGen      total 14336K, used 14327K [0x00000000d5580000, 0x00000000d6800000, 0x0000000100000000)
  eden space 13824K, 100% used [0x00000000d5580000,0x00000000d6300000,0x00000000d6300000)
  from space 512K, 98% used [0x00000000d6780000,0x00000000d67fdc80,0x00000000d6800000)
  to   space 1536K, 0% used [0x00000000d6500000,0x00000000d6500000,0x00000000d6680000)
 ParOldGen       total 68608K, used 44839K [0x0000000080000000, 0x0000000084300000, 0x00000000d5580000)
  object space 68608K, 65% used [0x0000000080000000,0x0000000082bc9c38,0x0000000084300000)
 Metaspace       used 64011K, committed 65344K, reserved 1114112K
  class space    used 8005K, committed 8576K, reserved 1048576K
}
Event: 20.632 GC heap after
{Heap after GC invocations=48 (full 3):
 PSYoungGen      total 15360K, used 557K [0x00000000d5580000, 0x00000000d6800000, 0x0000000100000000)
  eden space 13824K, 0% used [0x00000000d5580000,0x00000000d5580000,0x00000000d6300000)
  from space 1536K, 36% used [0x00000000d6500000,0x00000000d658b420,0x00000000d6680000)
  to   space 1024K, 0% used [0x00000000d6700000,0x00000000d6700000,0x00000000d6800000)
 ParOldGen       total 68608K, used 44895K [0x0000000080000000, 0x0000000084300000, 0x00000000d5580000)
  object space 68608K, 65% used [0x0000000080000000,0x0000000082bd7c38,0x0000000084300000)
 Metaspace       used 64011K, committed 65344K, reserved 1114112K
  class space    used 8005K, committed 8576K, reserved 1048576K
}
Event: 20.678 GC heap before
{Heap before GC invocations=49 (full 3):
 PSYoungGen      total 15360K, used 14381K [0x00000000d5580000, 0x00000000d6800000, 0x0000000100000000)
  eden space 13824K, 100% used [0x00000000d5580000,0x00000000d6300000,0x00000000d6300000)
  from space 1536K, 36% used [0x00000000d6500000,0x00000000d658b420,0x00000000d6680000)
  to   space 1024K, 0% used [0x00000000d6700000,0x00000000d6700000,0x00000000d6800000)
 ParOldGen       total 68608K, used 44895K [0x0000000080000000, 0x0000000084300000, 0x00000000d5580000)
  object space 68608K, 65% used [0x0000000080000000,0x0000000082bd7c38,0x0000000084300000)
 Metaspace       used 64011K, committed 65344K, reserved 1114112K
  class space    used 8005K, committed 8576K, reserved 1048576K
}
Event: 20.679 GC heap after
{Heap after GC invocations=49 (full 3):
 PSYoungGen      total 14848K, used 1022K [0x00000000d5580000, 0x00000000d6800000, 0x0000000100000000)
  eden space 13824K, 0% used [0x00000000d5580000,0x00000000d5580000,0x00000000d6300000)
  from space 1024K, 99% used [0x00000000d6700000,0x00000000d67ffa18,0x00000000d6800000)
  to   space 1536K, 0% used [0x00000000d6500000,0x00000000d6500000,0x00000000d6680000)
 ParOldGen       total 68608K, used 45090K [0x0000000080000000, 0x0000000084300000, 0x00000000d5580000)
  object space 68608K, 65% used [0x0000000080000000,0x0000000082c08938,0x0000000084300000)
 Metaspace       used 64011K, committed 65344K, reserved 1114112K
  class space    used 8005K, committed 8576K, reserved 1048576K
}
Event: 20.722 GC heap before
{Heap before GC invocations=50 (full 3):
 PSYoungGen      total 14848K, used 14846K [0x00000000d5580000, 0x00000000d6800000, 0x0000000100000000)
  eden space 13824K, 100% used [0x00000000d5580000,0x00000000d6300000,0x00000000d6300000)
  from space 1024K, 99% used [0x00000000d6700000,0x00000000d67ffa18,0x00000000d6800000)
  to   space 1536K, 0% used [0x00000000d6500000,0x00000000d6500000,0x00000000d6680000)
 ParOldGen       total 68608K, used 45090K [0x0000000080000000, 0x0000000084300000, 0x00000000d5580000)
  object space 68608K, 65% used [0x0000000080000000,0x0000000082c08938,0x0000000084300000)
 Metaspace       used 64011K, committed 65344K, reserved 1114112K
  class space    used 8005K, committed 8576K, reserved 1048576K
}
Event: 20.722 GC heap after
{Heap after GC invocations=50 (full 3):
 PSYoungGen      total 15360K, used 846K [0x00000000d5580000, 0x00000000d6780000, 0x0000000100000000)
  eden space 13824K, 0% used [0x00000000d5580000,0x00000000d5580000,0x00000000d6300000)
  from space 1536K, 55% used [0x00000000d6500000,0x00000000d65d38e0,0x00000000d6680000)
  to   space 1024K, 0% used [0x00000000d6680000,0x00000000d6680000,0x00000000d6780000)
 ParOldGen       total 68608K, used 45178K [0x0000000080000000, 0x0000000084300000, 0x00000000d5580000)
  object space 68608K, 65% used [0x0000000080000000,0x0000000082c1e938,0x0000000084300000)
 Metaspace       used 64011K, committed 65344K, reserved 1114112K
  class space    used 8005K, committed 8576K, reserved 1048576K
}
Event: 20.759 GC heap before
{Heap before GC invocations=51 (full 3):
 PSYoungGen      total 15360K, used 14670K [0x00000000d5580000, 0x00000000d6780000, 0x0000000100000000)
  eden space 13824K, 100% used [0x00000000d5580000,0x00000000d6300000,0x00000000d6300000)
  from space 1536K, 55% used [0x00000000d6500000,0x00000000d65d38e0,0x00000000d6680000)
  to   space 1024K, 0% used [0x00000000d6680000,0x00000000d6680000,0x00000000d6780000)
 ParOldGen       total 68608K, used 45178K [0x0000000080000000, 0x0000000084300000, 0x00000000d5580000)
  object space 68608K, 65% used [0x0000000080000000,0x0000000082c1e938,0x0000000084300000)
 Metaspace       used 64011K, committed 65344K, reserved 1114112K
  class space    used 8005K, committed 8576K, reserved 1048576K
}
Event: 20.760 GC heap after
{Heap after GC invocations=51 (full 3):
 PSYoungGen      total 14336K, used 320K [0x00000000d5580000, 0x00000000d6700000, 0x0000000100000000)
  eden space 13824K, 0% used [0x00000000d5580000,0x00000000d5580000,0x00000000d6300000)
  from space 512K, 62% used [0x00000000d6680000,0x00000000d66d0000,0x00000000d6700000)
  to   space 1024K, 0% used [0x00000000d6500000,0x00000000d6500000,0x00000000d6600000)
 ParOldGen       total 68608K, used 45784K [0x0000000080000000, 0x0000000084300000, 0x00000000d5580000)
  object space 68608K, 66% used [0x0000000080000000,0x0000000082cb6380,0x0000000084300000)
 Metaspace       used 64011K, committed 65344K, reserved 1114112K
  class space    used 8005K, committed 8576K, reserved 1048576K
}
Event: 20.797 GC heap before
{Heap before GC invocations=52 (full 3):
 PSYoungGen      total 14336K, used 14144K [0x00000000d5580000, 0x00000000d6700000, 0x0000000100000000)
  eden space 13824K, 100% used [0x00000000d5580000,0x00000000d6300000,0x00000000d6300000)
  from space 512K, 62% used [0x00000000d6680000,0x00000000d66d0000,0x00000000d6700000)
  to   space 1024K, 0% used [0x00000000d6500000,0x00000000d6500000,0x00000000d6600000)
 ParOldGen       total 68608K, used 45784K [0x0000000080000000, 0x0000000084300000, 0x00000000d5580000)
  object space 68608K, 66% used [0x0000000080000000,0x0000000082cb6380,0x0000000084300000)
 Metaspace       used 64011K, committed 65344K, reserved 1114112K
  class space    used 8005K, committed 8576K, reserved 1048576K
}
Event: 20.798 GC heap after
{Heap after GC invocations=52 (full 3):
 PSYoungGen      total 14848K, used 1003K [0x00000000d5580000, 0x00000000d6700000, 0x0000000100000000)
  eden space 13824K, 0% used [0x00000000d5580000,0x00000000d5580000,0x00000000d6300000)
  from space 1024K, 98% used [0x00000000d6500000,0x00000000d65fafd0,0x00000000d6600000)
  to   space 1024K, 0% used [0x00000000d6600000,0x00000000d6600000,0x00000000d6700000)
 ParOldGen       total 68608K, used 46145K [0x0000000080000000, 0x0000000084300000, 0x00000000d5580000)
  object space 68608K, 67% used [0x0000000080000000,0x0000000082d10570,0x0000000084300000)
 Metaspace       used 64011K, committed 65344K, reserved 1114112K
  class space    used 8005K, committed 8576K, reserved 1048576K
}
Event: 20.884 GC heap before
{Heap before GC invocations=53 (full 3):
 PSYoungGen      total 14848K, used 14827K [0x00000000d5580000, 0x00000000d6700000, 0x0000000100000000)
  eden space 13824K, 100% used [0x00000000d5580000,0x00000000d6300000,0x00000000d6300000)
  from space 1024K, 98% used [0x00000000d6500000,0x00000000d65fafd0,0x00000000d6600000)
  to   space 1024K, 0% used [0x00000000d6600000,0x00000000d6600000,0x00000000d6700000)
 ParOldGen       total 68608K, used 46145K [0x0000000080000000, 0x0000000084300000, 0x00000000d5580000)
  object space 68608K, 67% used [0x0000000080000000,0x0000000082d10570,0x0000000084300000)
 Metaspace       used 64229K, committed 65600K, reserved 1114112K
  class space    used 8044K, committed 8640K, reserved 1048576K
}
Event: 20.885 GC heap after
{Heap after GC invocations=53 (full 3):
 PSYoungGen      total 14336K, used 320K [0x00000000d5580000, 0x00000000d6680000, 0x0000000100000000)
  eden space 13824K, 0% used [0x00000000d5580000,0x00000000d5580000,0x00000000d6300000)
  from space 512K, 62% used [0x00000000d6600000,0x00000000d6650000,0x00000000d6680000)
  to   space 1024K, 0% used [0x00000000d6480000,0x00000000d6480000,0x00000000d6580000)
 ParOldGen       total 68608K, used 46249K [0x0000000080000000, 0x0000000084300000, 0x00000000d5580000)
  object space 68608K, 67% used [0x0000000080000000,0x0000000082d2a570,0x0000000084300000)
 Metaspace       used 64229K, committed 65600K, reserved 1114112K
  class space    used 8044K, committed 8640K, reserved 1048576K
}
Event: 21.050 GC heap before
{Heap before GC invocations=54 (full 3):
 PSYoungGen      total 14336K, used 14144K [0x00000000d5580000, 0x00000000d6680000, 0x0000000100000000)
  eden space 13824K, 100% used [0x00000000d5580000,0x00000000d6300000,0x00000000d6300000)
  from space 512K, 62% used [0x00000000d6600000,0x00000000d6650000,0x00000000d6680000)
  to   space 1024K, 0% used [0x00000000d6480000,0x00000000d6480000,0x00000000d6580000)
 ParOldGen       total 68608K, used 46249K [0x0000000080000000, 0x0000000084300000, 0x00000000d5580000)
  object space 68608K, 67% used [0x0000000080000000,0x0000000082d2a570,0x0000000084300000)
 Metaspace       used 65857K, committed 67264K, reserved 1114112K
  class space    used 8301K, committed 8896K, reserved 1048576K
}
Event: 21.052 GC heap after
{Heap after GC invocations=54 (full 3):
 PSYoungGen      total 14848K, used 640K [0x00000000d5580000, 0x00000000d6680000, 0x0000000100000000)
  eden space 13824K, 0% used [0x00000000d5580000,0x00000000d5580000,0x00000000d6300000)
  from space 1024K, 62% used [0x00000000d6480000,0x00000000d6520010,0x00000000d6580000)
  to   space 1024K, 0% used [0x00000000d6580000,0x00000000d6580000,0x00000000d6680000)
 ParOldGen       total 68608K, used 46385K [0x0000000080000000, 0x0000000084300000, 0x00000000d5580000)
  object space 68608K, 67% used [0x0000000080000000,0x0000000082d4c570,0x0000000084300000)
 Metaspace       used 65857K, committed 67264K, reserved 1114112K
  class space    used 8301K, committed 8896K, reserved 1048576K
}
Event: 23.377 GC heap before
{Heap before GC invocations=55 (full 3):
 PSYoungGen      total 14848K, used 14464K [0x00000000d5580000, 0x00000000d6680000, 0x0000000100000000)
  eden space 13824K, 100% used [0x00000000d5580000,0x00000000d6300000,0x00000000d6300000)
  from space 1024K, 62% used [0x00000000d6480000,0x00000000d6520010,0x00000000d6580000)
  to   space 1024K, 0% used [0x00000000d6580000,0x00000000d6580000,0x00000000d6680000)
 ParOldGen       total 68608K, used 46385K [0x0000000080000000, 0x0000000084300000, 0x00000000d5580000)
  object space 68608K, 67% used [0x0000000080000000,0x0000000082d4c570,0x0000000084300000)
 Metaspace       used 67346K, committed 68672K, reserved 1114112K
  class space    used 8492K, committed 9024K, reserved 1048576K
}
Event: 23.378 GC heap after
{Heap after GC invocations=55 (full 3):
 PSYoungGen      total 14848K, used 544K [0x00000000d5580000, 0x00000000d6680000, 0x0000000100000000)
  eden space 13824K, 0% used [0x00000000d5580000,0x00000000d5580000,0x00000000d6300000)
  from space 1024K, 53% used [0x00000000d6580000,0x00000000d6608010,0x00000000d6680000)
  to   space 1024K, 0% used [0x00000000d6480000,0x00000000d6480000,0x00000000d6580000)
 ParOldGen       total 68608K, used 46872K [0x0000000080000000, 0x0000000084300000, 0x00000000d5580000)
  object space 68608K, 68% used [0x0000000080000000,0x0000000082dc6290,0x0000000084300000)
 Metaspace       used 67346K, committed 68672K, reserved 1114112K
  class space    used 8492K, committed 9024K, reserved 1048576K
}
Event: 50.878 GC heap before
{Heap before GC invocations=56 (full 3):
 PSYoungGen      total 14848K, used 14368K [0x00000000d5580000, 0x00000000d6680000, 0x0000000100000000)
  eden space 13824K, 100% used [0x00000000d5580000,0x00000000d6300000,0x00000000d6300000)
  from space 1024K, 53% used [0x00000000d6580000,0x00000000d6608010,0x00000000d6680000)
  to   space 1024K, 0% used [0x00000000d6480000,0x00000000d6480000,0x00000000d6580000)
 ParOldGen       total 68608K, used 46872K [0x0000000080000000, 0x0000000084300000, 0x00000000d5580000)
  object space 68608K, 68% used [0x0000000080000000,0x0000000082dc6290,0x0000000084300000)
 Metaspace       used 68110K, committed 69440K, reserved 1114112K
  class space    used 8576K, committed 9152K, reserved 1048576K
}
Event: 50.880 GC heap after
{Heap after GC invocations=56 (full 3):
 PSYoungGen      total 14848K, used 736K [0x00000000d5580000, 0x00000000d6600000, 0x0000000100000000)
  eden space 13824K, 0% used [0x00000000d5580000,0x00000000d5580000,0x00000000d6300000)
  from space 1024K, 71% used [0x00000000d6480000,0x00000000d6538000,0x00000000d6580000)
  to   space 512K, 0% used [0x00000000d6580000,0x00000000d6580000,0x00000000d6600000)
 ParOldGen       total 68608K, used 47192K [0x0000000080000000, 0x0000000084300000, 0x00000000d5580000)
  object space 68608K, 68% used [0x0000000080000000,0x0000000082e162a0,0x0000000084300000)
 Metaspace       used 68110K, committed 69440K, reserved 1114112K
  class space    used 8576K, committed 9152K, reserved 1048576K
}
Event: 98.347 GC heap before
{Heap before GC invocations=57 (full 3):
 PSYoungGen      total 14848K, used 14560K [0x00000000d5580000, 0x00000000d6600000, 0x0000000100000000)
  eden space 13824K, 100% used [0x00000000d5580000,0x00000000d6300000,0x00000000d6300000)
  from space 1024K, 71% used [0x00000000d6480000,0x00000000d6538000,0x00000000d6580000)
  to   space 512K, 0% used [0x00000000d6580000,0x00000000d6580000,0x00000000d6600000)
 ParOldGen       total 68608K, used 47192K [0x0000000080000000, 0x0000000084300000, 0x00000000d5580000)
  object space 68608K, 68% used [0x0000000080000000,0x0000000082e162a0,0x0000000084300000)
 Metaspace       used 68326K, committed 69696K, reserved 1114112K
  class space    used 8577K, committed 9152K, reserved 1048576K
}
Event: 98.349 GC heap after
{Heap after GC invocations=57 (full 3):
 PSYoungGen      total 14336K, used 352K [0x00000000d5580000, 0x00000000d6600000, 0x0000000100000000)
  eden space 13824K, 0% used [0x00000000d5580000,0x00000000d5580000,0x00000000d6300000)
  from space 512K, 68% used [0x00000000d6580000,0x00000000d65d8000,0x00000000d6600000)
  to   space 512K, 0% used [0x00000000d6500000,0x00000000d6500000,0x00000000d6580000)
 ParOldGen       total 68608K, used 47720K [0x0000000080000000, 0x0000000084300000, 0x00000000d5580000)
  object space 68608K, 69% used [0x0000000080000000,0x0000000082e9a328,0x0000000084300000)
 Metaspace       used 68326K, committed 69696K, reserved 1114112K
  class space    used 8577K, committed 9152K, reserved 1048576K
}

Dll operation events (15 events):
Event: 0.016 Loaded shared library c:\Users\ASUS\.vscode\extensions\redhat.java-1.46.0-win32-x64\jre\21.0.8-win32-x86_64\bin\java.dll
Event: 0.111 Loaded shared library c:\Users\ASUS\.vscode\extensions\redhat.java-1.46.0-win32-x64\jre\21.0.8-win32-x86_64\bin\zip.dll
Event: 0.132 Loaded shared library C:\Users\ASUS\.vscode\extensions\redhat.java-1.46.0-win32-x64\jre\21.0.8-win32-x86_64\bin\instrument.dll
Event: 0.138 Loaded shared library C:\Users\ASUS\.vscode\extensions\redhat.java-1.46.0-win32-x64\jre\21.0.8-win32-x86_64\bin\net.dll
Event: 0.142 Loaded shared library C:\Users\ASUS\.vscode\extensions\redhat.java-1.46.0-win32-x64\jre\21.0.8-win32-x86_64\bin\nio.dll
Event: 0.146 Loaded shared library C:\Users\ASUS\.vscode\extensions\redhat.java-1.46.0-win32-x64\jre\21.0.8-win32-x86_64\bin\zip.dll
Event: 0.165 Loaded shared library C:\Users\ASUS\.vscode\extensions\redhat.java-1.46.0-win32-x64\jre\21.0.8-win32-x86_64\bin\jimage.dll
Event: 0.263 Loaded shared library c:\Users\ASUS\.vscode\extensions\redhat.java-1.46.0-win32-x64\jre\21.0.8-win32-x86_64\bin\verify.dll
Event: 8.841 Loaded shared library C:\Users\ASUS\AppData\Roaming\Code\User\globalStorage\redhat.java\1.46.0\config_win\org.eclipse.equinox.launcher\org.eclipse.equinox.launcher.win32.win32.x86_64_1.2.1400.v20250801-0854\eclipse_11916.dll
Event: 13.118 Loaded shared library C:\Users\ASUS\.vscode\extensions\redhat.java-1.46.0-win32-x64\jre\21.0.8-win32-x86_64\bin\management.dll
Event: 13.122 Loaded shared library C:\Users\ASUS\.vscode\extensions\redhat.java-1.46.0-win32-x64\jre\21.0.8-win32-x86_64\bin\management_ext.dll
Event: 14.543 Loaded shared library F:\Temp\jna-2018896\jna18234679129095903465.dll
Event: 14.703 Loaded shared library C:\Users\ASUS\.vscode\extensions\redhat.java-1.46.0-win32-x64\jre\21.0.8-win32-x86_64\bin\sunmscapi.dll
Event: 15.085 Loaded shared library C:\Users\ASUS\.vscode\extensions\redhat.java-1.46.0-win32-x64\jre\21.0.8-win32-x86_64\bin\extnet.dll
Event: 17.227 Loaded shared library F:\GradleCache\native\1def1411415f61bf3af743bc5b6707747c0891f09f0c88961ee8f79bc544acac\windows-amd64\native-platform.dll

Deoptimization events (20 events):
Event: 65.043 Thread 0x00000227196b34b0 Uncommon trap: trap_request=0xffffff45 fr.pc=0x00000226c50eb104 relative=0x0000000000000344
Event: 65.043 Thread 0x00000227196b34b0 Uncommon trap: reason=unstable_if action=reinterpret pc=0x00000226c50eb104 method=java.io.ObjectInputStream$PeekInputStream.read([BII)I @ 10 c2
Event: 65.043 Thread 0x00000227196b34b0 DEOPT PACKING pc=0x00000226c50eb104 sp=0x000000570c9fc6a0
Event: 65.043 Thread 0x00000227196b34b0 DEOPT UNPACKING pc=0x00000226c45a3aa2 sp=0x000000570c9fc600 mode 2
Event: 93.391 Thread 0x00000227196b34b0 Uncommon trap: trap_request=0xffffff45 fr.pc=0x00000226c50ea4c0 relative=0x0000000000000200
Event: 93.391 Thread 0x00000227196b34b0 Uncommon trap: reason=unstable_if action=reinterpret pc=0x00000226c50ea4c0 method=com.esotericsoftware.kryo.io.Input.read([BII)I @ 64 c2
Event: 93.391 Thread 0x00000227196b34b0 DEOPT PACKING pc=0x00000226c50ea4c0 sp=0x000000570c9fd730
Event: 93.391 Thread 0x00000227196b34b0 DEOPT UNPACKING pc=0x00000226c45a3aa2 sp=0x000000570c9fd580 mode 2
Event: 93.396 Thread 0x00000227196b34b0 Uncommon trap: trap_request=0xffffff45 fr.pc=0x00000226c50e32d4 relative=0x0000000000000134
Event: 93.396 Thread 0x00000227196b34b0 Uncommon trap: reason=unstable_if action=reinterpret pc=0x00000226c50e32d4 method=com.esotericsoftware.kryo.io.Input.read([BII)I @ 64 c2
Event: 93.396 Thread 0x00000227196b34b0 DEOPT PACKING pc=0x00000226c50e32d4 sp=0x000000570c9fca00
Event: 93.396 Thread 0x00000227196b34b0 DEOPT UNPACKING pc=0x00000226c45a3aa2 sp=0x000000570c9fc938 mode 2
Event: 93.402 Thread 0x00000227196b34b0 Uncommon trap: trap_request=0xffffff45 fr.pc=0x00000226c50e3b50 relative=0x0000000000000130
Event: 93.402 Thread 0x00000227196b34b0 Uncommon trap: reason=unstable_if action=reinterpret pc=0x00000226c50e3b50 method=com.esotericsoftware.kryo.io.Input.read([BII)I @ 64 c2
Event: 93.402 Thread 0x00000227196b34b0 DEOPT PACKING pc=0x00000226c50e3b50 sp=0x000000570c9fc9c0
Event: 93.402 Thread 0x00000227196b34b0 DEOPT UNPACKING pc=0x00000226c45a3aa2 sp=0x000000570c9fc970 mode 2
Event: 98.351 Thread 0x00000227196b34b0 Uncommon trap: trap_request=0xffffff45 fr.pc=0x00000226c5122224 relative=0x0000000000000244
Event: 98.351 Thread 0x00000227196b34b0 Uncommon trap: reason=unstable_if action=reinterpret pc=0x00000226c5122224 method=com.esotericsoftware.kryo.io.Input.read([BII)I @ 64 c2
Event: 98.351 Thread 0x00000227196b34b0 DEOPT PACKING pc=0x00000226c5122224 sp=0x000000570c9fcac0
Event: 98.351 Thread 0x00000227196b34b0 DEOPT UNPACKING pc=0x00000226c45a3aa2 sp=0x000000570c9fc8c8 mode 2

Classes loaded (20 events):
Event: 24.558 Loading class jdk/internal/event/DeserializationEvent
Event: 24.558 Loading class jdk/internal/event/DeserializationEvent done
Event: 24.560 Loading class java/io/ObjectInputStream$FieldValues
Event: 24.560 Loading class java/io/ObjectInputStream$GetField
Event: 24.560 Loading class java/io/ObjectInputStream$GetField done
Event: 24.560 Loading class java/io/ObjectInputStream$FieldValues done
Event: 50.740 Loading class sun/net/ConnectionResetException
Event: 50.740 Loading class sun/net/ConnectionResetException done
Event: 50.764 Loading class java/util/concurrent/ConcurrentLinkedQueue$Itr
Event: 50.764 Loading class java/util/concurrent/ConcurrentLinkedQueue$Itr done
Event: 50.779 Loading class sun/misc/SharedSecrets
Event: 50.779 Loading class sun/misc/SharedSecrets done
Event: 50.779 Loading class java/lang/Throwable$WrappedPrintWriter
Event: 50.779 Loading class java/lang/Throwable$PrintStreamOrWriter
Event: 50.779 Loading class java/lang/Throwable$PrintStreamOrWriter done
Event: 50.779 Loading class java/lang/Throwable$WrappedPrintWriter done
Event: 50.792 Loading class java/nio/channels/ClosedChannelException
Event: 50.792 Loading class java/nio/channels/ClosedChannelException done
Event: 50.854 Loading class java/security/DigestInputStream
Event: 50.854 Loading class java/security/DigestInputStream done

Classes unloaded (9 events):
Event: 13.732 Thread 0x00000226b7b13f60 Unloading class 0x00000226d21ad400 'java/lang/invoke/LambdaForm$MH+0x00000226d21ad400'
Event: 13.732 Thread 0x00000226b7b13f60 Unloading class 0x00000226d21ad000 'java/lang/invoke/LambdaForm$MH+0x00000226d21ad000'
Event: 13.732 Thread 0x00000226b7b13f60 Unloading class 0x00000226d21acc00 'java/lang/invoke/LambdaForm$MH+0x00000226d21acc00'
Event: 13.732 Thread 0x00000226b7b13f60 Unloading class 0x00000226d21ac800 'java/lang/invoke/LambdaForm$MH+0x00000226d21ac800'
Event: 13.732 Thread 0x00000226b7b13f60 Unloading class 0x00000226d21ac400 'java/lang/invoke/LambdaForm$BMH+0x00000226d21ac400'
Event: 13.732 Thread 0x00000226b7b13f60 Unloading class 0x00000226d21ac000 'java/lang/invoke/LambdaForm$DMH+0x00000226d21ac000'
Event: 13.732 Thread 0x00000226b7b13f60 Unloading class 0x00000226d21aac00 'java/lang/invoke/LambdaForm$DMH+0x00000226d21aac00'
Event: 14.940 Thread 0x00000226b7b13f60 Unloading class 0x00000226d232bc00 'java/lang/invoke/LambdaForm$MH+0x00000226d232bc00'
Event: 14.940 Thread 0x00000226b7b13f60 Unloading class 0x00000226d232b400 'java/lang/invoke/LambdaForm$MH+0x00000226d232b400'

Classes redefined (0 events):
No events

Internal exceptions (20 events):
Event: 65.878 Thread 0x00000227196b2e20 Exception <a 'java/io/IOException'{0x00000000d5da4780}> (0x00000000d5da4780) 
thrown [s\src\hotspot\share\prims\jni.cpp, line 520]
Event: 65.880 Thread 0x00000227196b2e20 Exception <a 'java/io/IOException'{0x00000000d5db1020}> (0x00000000d5db1020) 
thrown [s\src\hotspot\share\prims\jni.cpp, line 520]
Event: 65.880 Thread 0x00000227196b2e20 Exception <a 'java/io/IOException'{0x00000000d5db55e0}> (0x00000000d5db55e0) 
thrown [s\src\hotspot\share\prims\jni.cpp, line 520]
Event: 65.881 Thread 0x00000227196b2e20 Exception <a 'java/io/IOException'{0x00000000d5dc1e68}> (0x00000000d5dc1e68) 
thrown [s\src\hotspot\share\prims\jni.cpp, line 520]
Event: 88.869 Thread 0x00000227196b2e20 Exception <a 'java/io/IOException'{0x00000000d5efb2b0}> (0x00000000d5efb2b0) 
thrown [s\src\hotspot\share\prims\jni.cpp, line 520]
Event: 88.870 Thread 0x00000227196b2e20 Exception <a 'java/io/IOException'{0x00000000d5f07b50}> (0x00000000d5f07b50) 
thrown [s\src\hotspot\share\prims\jni.cpp, line 520]
Event: 88.870 Thread 0x00000227196b2e20 Exception <a 'java/io/IOException'{0x00000000d5f0be10}> (0x00000000d5f0be10) 
thrown [s\src\hotspot\share\prims\jni.cpp, line 520]
Event: 88.870 Thread 0x00000227196b2e20 Exception <a 'java/io/IOException'{0x00000000d5f1b928}> (0x00000000d5f1b928) 
thrown [s\src\hotspot\share\prims\jni.cpp, line 520]
Event: 92.870 Thread 0x00000227196b2e20 Exception <a 'java/io/IOException'{0x00000000d5f1c878}> (0x00000000d5f1c878) 
thrown [s\src\hotspot\share\prims\jni.cpp, line 520]
Event: 92.871 Thread 0x00000227196b2e20 Exception <a 'java/io/IOException'{0x00000000d5f69648}> (0x00000000d5f69648) 
thrown [s\src\hotspot\share\prims\jni.cpp, line 520]
Event: 92.872 Thread 0x00000227196b2e20 Exception <a 'java/io/IOException'{0x00000000d5f6a618}> (0x00000000d5f6a618) 
thrown [s\src\hotspot\share\prims\jni.cpp, line 520]
Event: 92.873 Thread 0x00000227196b2e20 Exception <a 'java/io/IOException'{0x00000000d5f7a0c8}> (0x00000000d5f7a0c8) 
thrown [s\src\hotspot\share\prims\jni.cpp, line 520]
Event: 93.371 Thread 0x00000227196b2e20 Exception <a 'java/io/IOException'{0x00000000d5f7afb8}> (0x00000000d5f7afb8) 
thrown [s\src\hotspot\share\prims\jni.cpp, line 520]
Event: 93.374 Thread 0x00000227196b2e20 Exception <a 'java/io/IOException'{0x00000000d5fbc4a8}> (0x00000000d5fbc4a8) 
thrown [s\src\hotspot\share\prims\jni.cpp, line 520]
Event: 93.374 Thread 0x00000227196b2e20 Exception <a 'java/io/IOException'{0x00000000d5fbd408}> (0x00000000d5fbd408) 
thrown [s\src\hotspot\share\prims\jni.cpp, line 520]
Event: 93.375 Thread 0x00000227196b2e20 Exception <a 'java/io/IOException'{0x00000000d5fcd188}> (0x00000000d5fcd188) 
thrown [s\src\hotspot\share\prims\jni.cpp, line 520]
Event: 93.870 Thread 0x00000227196b2e20 Exception <a 'java/io/IOException'{0x00000000d5fce0d0}> (0x00000000d5fce0d0) 
thrown [s\src\hotspot\share\prims\jni.cpp, line 520]
Event: 93.870 Thread 0x00000227196b2e20 Exception <a 'java/io/IOException'{0x00000000d607ceb8}> (0x00000000d607ceb8) 
thrown [s\src\hotspot\share\prims\jni.cpp, line 520]
Event: 93.870 Thread 0x00000227196b2e20 Exception <a 'java/io/IOException'{0x00000000d607f8c0}> (0x00000000d607f8c0) 
thrown [s\src\hotspot\share\prims\jni.cpp, line 520]
Event: 93.871 Thread 0x00000227196b2e20 Exception <a 'java/io/IOException'{0x00000000d608c148}> (0x00000000d608c148) 
thrown [s\src\hotspot\share\prims\jni.cpp, line 520]

ZGC Phase Switch (0 events):
No events

VM Operations (20 events):
Event: 65.140 Executing VM operation: Cleanup
Event: 65.140 Executing VM operation: Cleanup done
Event: 67.141 Executing VM operation: Cleanup
Event: 67.141 Executing VM operation: Cleanup done
Event: 72.143 Executing VM operation: Cleanup
Event: 72.143 Executing VM operation: Cleanup done
Event: 74.143 Executing VM operation: Cleanup
Event: 74.143 Executing VM operation: Cleanup done
Event: 77.144 Executing VM operation: Cleanup
Event: 77.144 Executing VM operation: Cleanup done
Event: 89.149 Executing VM operation: Cleanup
Event: 89.149 Executing VM operation: Cleanup done
Event: 92.151 Executing VM operation: Cleanup
Event: 92.151 Executing VM operation: Cleanup done
Event: 93.152 Executing VM operation: Cleanup
Event: 93.152 Executing VM operation: Cleanup done
Event: 94.152 Executing VM operation: Cleanup
Event: 94.153 Executing VM operation: Cleanup done
Event: 98.347 Executing VM operation: ParallelGCFailedAllocation (Allocation Failure)
Event: 98.349 Executing VM operation: ParallelGCFailedAllocation (Allocation Failure) done

Memory protections (0 events):
No events

Nmethod flushes (20 events):
Event: 18.962 Thread 0x00000226b7b13f60 flushing  nmethod 0x00000226bd985910
Event: 18.962 Thread 0x00000226b7b13f60 flushing  nmethod 0x00000226bd9ac890
Event: 18.962 Thread 0x00000226b7b13f60 flushing  nmethod 0x00000226bd9b1910
Event: 18.962 Thread 0x00000226b7b13f60 flushing  nmethod 0x00000226bd9c0910
Event: 18.962 Thread 0x00000226b7b13f60 flushing  nmethod 0x00000226bd9cb710
Event: 18.962 Thread 0x00000226b7b13f60 flushing  nmethod 0x00000226bd9cc310
Event: 18.962 Thread 0x00000226b7b13f60 flushing  nmethod 0x00000226bd9cd690
Event: 18.962 Thread 0x00000226b7b13f60 flushing  nmethod 0x00000226bd9cdc90
Event: 18.962 Thread 0x00000226b7b13f60 flushing  nmethod 0x00000226bd9ce510
Event: 18.962 Thread 0x00000226b7b13f60 flushing  nmethod 0x00000226bd9d0c10
Event: 18.962 Thread 0x00000226b7b13f60 flushing  nmethod 0x00000226bd9d9210
Event: 18.962 Thread 0x00000226b7b13f60 flushing  nmethod 0x00000226bd9f8490
Event: 18.962 Thread 0x00000226b7b13f60 flushing  nmethod 0x00000226bda03190
Event: 18.962 Thread 0x00000226b7b13f60 flushing  nmethod 0x00000226bda10490
Event: 18.962 Thread 0x00000226b7b13f60 flushing  nmethod 0x00000226bda1d990
Event: 18.962 Thread 0x00000226b7b13f60 flushing  nmethod 0x00000226bda3b590
Event: 18.962 Thread 0x00000226b7b13f60 flushing  nmethod 0x00000226bda84790
Event: 18.962 Thread 0x00000226b7b13f60 flushing  nmethod 0x00000226bdab0a10
Event: 18.962 Thread 0x00000226b7b13f60 flushing  nmethod 0x00000226bdacd210
Event: 18.962 Thread 0x00000226b7b13f60 flushing  nmethod 0x00000226bdad3b10

Events (20 events):
Event: 50.835 Thread 0x0000022712f86890 Thread added: 0x000002271bd55ea0
Event: 50.839 Thread 0x0000022712f86890 Thread added: 0x000002271c4a0fc0
Event: 50.839 Thread 0x000002271d52ab30 Thread added: 0x00000227131a7110
Event: 50.869 Thread 0x0000022713012630 Thread added: 0x00000227196b2e20
Event: 50.871 Thread 0x0000022713012630 Thread added: 0x00000227196b34b0
Event: 50.904 Thread 0x00000227196b34b0 Thread added: 0x00000227196adf60
Event: 51.190 Thread 0x00000227196b34b0 Thread added: 0x00000227196ae5f0
Event: 51.198 Thread 0x00000227196ae5f0 Thread added: 0x00000227196aec80
Event: 51.198 Thread 0x00000227196ae5f0 Thread added: 0x00000227196af310
Event: 51.199 Thread 0x00000227196aec80 Thread exited: 0x00000227196aec80
Event: 51.308 Thread 0x00000227131a7110 Thread exited: 0x00000227131a7110
Event: 51.308 Thread 0x000002271c4a0fc0 Thread exited: 0x000002271c4a0fc0
Event: 51.309 Thread 0x000002271d52ab30 Thread exited: 0x000002271d52ab30
Event: 52.205 Thread 0x000002271bd55ea0 Thread exited: 0x000002271bd55ea0
Event: 53.166 Thread 0x00000227196af310 Thread exited: 0x00000227196af310
Event: 53.166 Thread 0x00000227196ae5f0 Thread exited: 0x00000227196ae5f0
Event: 98.235 Thread 0x0000022712f86890 Thread added: 0x00000227131a7110
Event: 98.235 Thread 0x0000022712f86890 Thread added: 0x000002271ce26940
Event: 98.235 Thread 0x0000022712f86890 Thread added: 0x000002271ce26fe0
Event: 98.401 Thread 0x00000227131a7110 Thread added: 0x000002271d162c70


Dynamic libraries:
0x00007ff7739a0000 - 0x00007ff7739ae000 	c:\Users\ASUS\.vscode\extensions\redhat.java-1.46.0-win32-x64\jre\21.0.8-win32-x86_64\bin\java.exe
0x00007ff819fd0000 - 0x00007ff81a1e7000 	C:\Windows\SYSTEM32\ntdll.dll
0x00007ff818650000 - 0x00007ff818714000 	C:\Windows\System32\KERNEL32.DLL
0x00007ff8175d0000 - 0x00007ff8179a2000 	C:\Windows\System32\KERNELBASE.dll
0x00007ff817170000 - 0x00007ff817281000 	C:\Windows\System32\ucrtbase.dll
0x00007ff800a30000 - 0x00007ff800a48000 	c:\Users\ASUS\.vscode\extensions\redhat.java-1.46.0-win32-x64\jre\21.0.8-win32-x86_64\bin\jli.dll
0x00007ff8189d0000 - 0x00007ff818b81000 	C:\Windows\System32\USER32.dll
0x00007ff817290000 - 0x00007ff8172b6000 	C:\Windows\System32\win32u.dll
0x00007ff818260000 - 0x00007ff818289000 	C:\Windows\System32\GDI32.dll
0x00007ff817360000 - 0x00007ff817483000 	C:\Windows\System32\gdi32full.dll
0x00007ff800ab0000 - 0x00007ff800ace000 	c:\Users\ASUS\.vscode\extensions\redhat.java-1.46.0-win32-x64\jre\21.0.8-win32-x86_64\bin\VCRUNTIME140.dll
0x00007ff8172c0000 - 0x00007ff81735a000 	C:\Windows\System32\msvcp_win.dll
0x00007ffffef20000 - 0x00007fffff1bb000 	C:\Windows\WinSxS\amd64_microsoft.windows.common-controls_6595b64144ccf1df_6.0.22621.5547_none_27104afb73855772\COMCTL32.dll
0x00007ff8182e0000 - 0x00007ff818387000 	C:\Windows\System32\msvcrt.dll
0x00007ff817da0000 - 0x00007ff817dd1000 	C:\Windows\System32\IMM32.DLL
0x00007ff803140000 - 0x00007ff80314c000 	c:\Users\ASUS\.vscode\extensions\redhat.java-1.46.0-win32-x64\jre\21.0.8-win32-x86_64\bin\vcruntime140_1.dll
0x00007fffdbc00000 - 0x00007fffdbc8d000 	c:\Users\ASUS\.vscode\extensions\redhat.java-1.46.0-win32-x64\jre\21.0.8-win32-x86_64\bin\msvcp140.dll
0x00007fff71b50000 - 0x00007fff728e7000 	c:\Users\ASUS\.vscode\extensions\redhat.java-1.46.0-win32-x64\jre\21.0.8-win32-x86_64\bin\server\jvm.dll
0x00007ff817ce0000 - 0x00007ff817d91000 	C:\Windows\System32\ADVAPI32.dll
0x00007ff819dd0000 - 0x00007ff819e78000 	C:\Windows\System32\sechost.dll
0x00007ff8170c0000 - 0x00007ff8170e8000 	C:\Windows\System32\bcrypt.dll
0x00007ff819150000 - 0x00007ff819264000 	C:\Windows\System32\RPCRT4.dll
0x00007ff818b90000 - 0x00007ff818c01000 	C:\Windows\System32\WS2_32.dll
0x00007ff816d30000 - 0x00007ff816d7d000 	C:\Windows\SYSTEM32\POWRPROF.dll
0x00007ff810810000 - 0x00007ff810844000 	C:\Windows\SYSTEM32\WINMM.dll
0x00007ff800430000 - 0x00007ff80043a000 	C:\Windows\SYSTEM32\VERSION.dll
0x00007ff816d10000 - 0x00007ff816d23000 	C:\Windows\SYSTEM32\UMPDC.dll
0x00007ff8160c0000 - 0x00007ff8160d8000 	C:\Windows\SYSTEM32\kernel.appcore.dll
0x00007ff803100000 - 0x00007ff80310a000 	c:\Users\ASUS\.vscode\extensions\redhat.java-1.46.0-win32-x64\jre\21.0.8-win32-x86_64\bin\jimage.dll
0x00007ff8149d0000 - 0x00007ff814c03000 	C:\Windows\SYSTEM32\DBGHELP.DLL
0x00007ff818c10000 - 0x00007ff818fa3000 	C:\Windows\System32\combase.dll
0x00007ff8183a0000 - 0x00007ff818477000 	C:\Windows\System32\OLEAUT32.dll
0x00007ffffbe10000 - 0x00007ffffbe42000 	C:\Windows\SYSTEM32\dbgcore.DLL
0x00007ff8179b0000 - 0x00007ff817a2b000 	C:\Windows\System32\bcryptPrimitives.dll
0x00007ffff8ad0000 - 0x00007ffff8adf000 	c:\Users\ASUS\.vscode\extensions\redhat.java-1.46.0-win32-x64\jre\21.0.8-win32-x86_64\bin\instrument.dll
0x00007ff800a10000 - 0x00007ff800a2f000 	c:\Users\ASUS\.vscode\extensions\redhat.java-1.46.0-win32-x64\jre\21.0.8-win32-x86_64\bin\java.dll
0x00007ff819520000 - 0x00007ff819dc2000 	C:\Windows\System32\SHELL32.dll
0x00007ff817490000 - 0x00007ff8175cf000 	C:\Windows\System32\wintypes.dll
0x00007ff814fa0000 - 0x00007ff8158bd000 	C:\Windows\SYSTEM32\windows.storage.dll
0x00007ff819410000 - 0x00007ff81951c000 	C:\Windows\System32\SHCORE.dll
0x00007ff818490000 - 0x00007ff8184f9000 	C:\Windows\System32\shlwapi.dll
0x00007ff816ff0000 - 0x00007ff81701b000 	C:\Windows\SYSTEM32\profapi.dll
0x00007ff8009b0000 - 0x00007ff8009c8000 	c:\Users\ASUS\.vscode\extensions\redhat.java-1.46.0-win32-x64\jre\21.0.8-win32-x86_64\bin\zip.dll
0x00007ff802f30000 - 0x00007ff802f40000 	C:\Users\ASUS\.vscode\extensions\redhat.java-1.46.0-win32-x64\jre\21.0.8-win32-x86_64\bin\net.dll
0x00007ff813730000 - 0x00007ff81385c000 	C:\Windows\SYSTEM32\WINHTTP.dll
0x00007ff816550000 - 0x00007ff8165b9000 	C:\Windows\system32\mswsock.dll
0x00007ffff8b00000 - 0x00007ffff8b16000 	C:\Users\ASUS\.vscode\extensions\redhat.java-1.46.0-win32-x64\jre\21.0.8-win32-x86_64\bin\nio.dll
0x00007ffff34c0000 - 0x00007ffff34d0000 	c:\Users\ASUS\.vscode\extensions\redhat.java-1.46.0-win32-x64\jre\21.0.8-win32-x86_64\bin\verify.dll
0x00007fffc6f90000 - 0x00007fffc6fd4000 	C:\Users\ASUS\AppData\Roaming\Code\User\globalStorage\redhat.java\1.46.0\config_win\org.eclipse.equinox.launcher\org.eclipse.equinox.launcher.win32.win32.x86_64_1.2.1400.v20250801-0854\eclipse_11916.dll
0x00007ff818fb0000 - 0x00007ff819150000 	C:\Windows\System32\ole32.dll
0x00007ff8009a0000 - 0x00007ff8009aa000 	C:\Users\ASUS\.vscode\extensions\redhat.java-1.46.0-win32-x64\jre\21.0.8-win32-x86_64\bin\management.dll
0x00007ffff8c00000 - 0x00007ffff8c0b000 	C:\Users\ASUS\.vscode\extensions\redhat.java-1.46.0-win32-x64\jre\21.0.8-win32-x86_64\bin\management_ext.dll
0x00007ff818590000 - 0x00007ff818598000 	C:\Windows\System32\PSAPI.DLL
0x00007ff8167b0000 - 0x00007ff8167cb000 	C:\Windows\SYSTEM32\CRYPTSP.dll
0x00007ff816020000 - 0x00007ff816057000 	C:\Windows\system32\rsaenh.dll
0x00007ff816640000 - 0x00007ff816668000 	C:\Windows\SYSTEM32\USERENV.dll
0x00007ff8167a0000 - 0x00007ff8167ac000 	C:\Windows\SYSTEM32\CRYPTBASE.dll
0x00007ff815b20000 - 0x00007ff815b4d000 	C:\Windows\SYSTEM32\IPHLPAPI.DLL
0x00007ff818480000 - 0x00007ff818489000 	C:\Windows\System32\NSI.dll
0x00007fffc6ec0000 - 0x00007fffc6f09000 	F:\Temp\jna-2018896\jna18234679129095903465.dll
0x00007ff8125e0000 - 0x00007ff8125f9000 	C:\Windows\SYSTEM32\dhcpcsvc6.DLL
0x00007ff812570000 - 0x00007ff81258f000 	C:\Windows\SYSTEM32\dhcpcsvc.DLL
0x00007ffff8af0000 - 0x00007ffff8afe000 	C:\Users\ASUS\.vscode\extensions\redhat.java-1.46.0-win32-x64\jre\21.0.8-win32-x86_64\bin\sunmscapi.dll
0x00007ff817a30000 - 0x00007ff817b97000 	C:\Windows\System32\CRYPT32.dll
0x00007ff8169d0000 - 0x00007ff8169fd000 	C:\Windows\SYSTEM32\ncrypt.dll
0x00007ff816990000 - 0x00007ff8169c7000 	C:\Windows\SYSTEM32\NTASN1.dll
0x00007ff815b50000 - 0x00007ff815c48000 	C:\Windows\SYSTEM32\DNSAPI.dll
0x0000000050270000 - 0x0000000050296000 	C:\Program Files\Bonjour\mdnsNSP.dll
0x00007ff812560000 - 0x00007ff81256a000 	C:\Windows\System32\rasadhlp.dll
0x00007ff8101f0000 - 0x00007ff810274000 	C:\Windows\System32\fwpuclnt.dll
0x00007ffff8ae0000 - 0x00007ffff8ae9000 	C:\Users\ASUS\.vscode\extensions\redhat.java-1.46.0-win32-x64\jre\21.0.8-win32-x86_64\bin\extnet.dll
0x00007ffff2e10000 - 0x00007ffff2e37000 	F:\GradleCache\native\1def1411415f61bf3af743bc5b6707747c0891f09f0c88961ee8f79bc544acac\windows-amd64\native-platform.dll
0x00007fffe2b00000 - 0x00007fffe2b08000 	C:\Windows\system32\wshunix.dll

JVMTI agents:
c:\Users\ASUS\.vscode\extensions\redhat.java-1.46.0-win32-x64\lombok\lombok-1.18.39-4050.jar path:c:\Users\ASUS\.vscode\extensions\redhat.java-1.46.0-win32-x64\jre\21.0.8-win32-x86_64\bin\instrument.dll, loaded, initialized, instrumentlib options:none

dbghelp: loaded successfully - version: 4.0.5 - missing functions: none
symbol engine: initialized successfully - sym options: 0x614 - pdb path: .;c:\Users\ASUS\.vscode\extensions\redhat.java-1.46.0-win32-x64\jre\21.0.8-win32-x86_64\bin;C:\Windows\SYSTEM32;C:\Windows\WinSxS\amd64_microsoft.windows.common-controls_6595b64144ccf1df_6.0.22621.5547_none_27104afb73855772;c:\Users\ASUS\.vscode\extensions\redhat.java-1.46.0-win32-x64\jre\21.0.8-win32-x86_64\bin\server;C:\Users\ASUS\AppData\Roaming\Code\User\globalStorage\redhat.java\1.46.0\config_win\org.eclipse.equinox.launcher\org.eclipse.equinox.launcher.win32.win32.x86_64_1.2.1400.v20250801-0854;F:\Temp\jna-2018896;C:\Program Files\Bonjour;F:\GradleCache\native\1def1411415f61bf3af743bc5b6707747c0891f09f0c88961ee8f79bc544acac\windows-amd64

VM Arguments:
jvm_args: --add-modules=ALL-SYSTEM --add-opens=java.base/java.util=ALL-UNNAMED --add-opens=java.base/java.lang=ALL-UNNAMED --add-opens=java.base/sun.nio.fs=ALL-UNNAMED -Declipse.application=org.eclipse.jdt.ls.core.id1 -Dosgi.bundles.defaultStartLevel=4 -Declipse.product=org.eclipse.jdt.ls.core.product -Djava.import.generatesMetadataFilesAtProjectRoot=false -DDetectVMInstallationsJob.disabled=true -Dfile.encoding=utf8 -XX:+UseParallelGC -XX:GCTimeRatio=4 -XX:AdaptiveSizePolicyWeight=90 -Dsun.zip.disableMemoryMapping=true -Xmx2G -Xms100m -Xlog:disable -javaagent:c:\Users\ASUS\.vscode\extensions\redhat.java-1.46.0-win32-x64\lombok\lombok-1.18.39-4050.jar -XX:+HeapDumpOnOutOfMemoryError -XX:HeapDumpPath=c:\Users\ASUS\AppData\Roaming\Code\User\workspaceStorage\41ae7d1129ff58fce0dc0a0701183406\redhat.java -Daether.dependencyCollector.impl=bf 
java_command: F:\VSCode\extensions\redhat.java-1.46.0-win32-x64\server\plugins\org.eclipse.equinox.launcher_1.7.0.v20250519-0528.jar -configuration c:\Users\ASUS\AppData\Roaming\Code\User\globalStorage\redhat.java\1.46.0\config_win -data c:\Users\ASUS\AppData\Roaming\Code\User\workspaceStorage\41ae7d1129ff58fce0dc0a0701183406\redhat.java\jdt_ws --pipe=\\.\pipe\lsp-8a59abf31eb09d5f97e2af8736c0d917-sock
java_class_path (initial): F:\VSCode\extensions\redhat.java-1.46.0-win32-x64\server\plugins\org.eclipse.equinox.launcher_1.7.0.v20250519-0528.jar
Launcher Type: SUN_STANDARD

[Global flags]
    uintx AdaptiveSizePolicyWeight                 = 90                                        {product} {command line}
     intx CICompilerCount                          = 12                                        {product} {ergonomic}
    uintx GCTimeRatio                              = 4                                         {product} {command line}
     bool HeapDumpOnOutOfMemoryError               = true                                   {manageable} {command line}
    ccstr HeapDumpPath                             = c:\Users\ASUS\AppData\Roaming\Code\User\workspaceStorage\41ae7d1129ff58fce0dc0a0701183406\redhat.java         {manageable} {command line}
   size_t InitialHeapSize                          = 104857600                                 {product} {command line}
   size_t MaxHeapSize                              = 2147483648                                {product} {command line}
   size_t MaxNewSize                               = 715653120                                 {product} {ergonomic}
   size_t MinHeapDeltaBytes                        = 524288                                    {product} {ergonomic}
   size_t MinHeapSize                              = 104857600                                 {product} {command line}
   size_t NewSize                                  = 34603008                                  {product} {ergonomic}
    uintx NonNMethodCodeHeapSize                   = 7602480                                {pd product} {ergonomic}
    uintx NonProfiledCodeHeapSize                  = 122027880                              {pd product} {ergonomic}
   size_t OldSize                                  = 70254592                                  {product} {ergonomic}
    uintx ProfiledCodeHeapSize                     = 122027880                              {pd product} {ergonomic}
    uintx ReservedCodeCacheSize                    = 251658240                              {pd product} {ergonomic}
     bool SegmentedCodeCache                       = true                                      {product} {ergonomic}
   size_t SoftMaxHeapSize                          = 2147483648                             {manageable} {ergonomic}
     bool UseCompressedOops                        = true                           {product lp64_product} {ergonomic}
     bool UseLargePagesIndividualAllocation        = false                                  {pd product} {ergonomic}
     bool UseParallelGC                            = true                                      {product} {command line}

Logging:
Log output configuration:
 #0: stdout all=off uptime,level,tags foldmultilines=false
 #1: stderr all=off uptime,level,tags foldmultilines=false

Environment Variables:
JAVA_HOME=C:\Program Files\Java\jdk-23
PATH=F:\Mobile\bin;f:\cursor\resources\app\bin;C:\Program Files\Common Files\Oracle\Java\javapath;C:\Windows\system32;C:\Windows;C:\Windows\System32\Wbem;C:\Windows\System32\WindowsPowerShell\v1.0\;C:\Windows\System32\OpenSSH\;C:\Program Files\dotnet\;C:\Program Files (x86)\Microsoft SQL Server\160\Tools\Binn\;C:\Program Files\Microsoft SQL Server\160\Tools\Binn\;C:\Program Files\Microsoft SQL Server\Client SDK\ODBC\170\Tools\Binn\;C:\Program Files\Microsoft SQL Server\160\DTS\Binn\;C:\Program Files (x86)\Microsoft SQL Server\160\DTS\Binn\;F:\MSY2\ucrt64\bin;F:\Git\cmd;C:\Program Files\Java\jdk-23\bin;C:\Program Files\Microsoft SQL Server\150\Tools\Binn\;C:\Users\ASUS\AppData\Local\Microsoft\WindowsApps;F:\MSY2\ucrt64\bin;C:\Users\ASUS\AppData\Local\Muse Hub\lib;C:\Users\ASUS\.dotnet\tools;F:\tesseract-5.5.0\tesseract-5.5.0;C:\Program Files\Tesseract-OCR;F:\cursor\resources\app\bin;f:\cursor\resources\app\bin;C:\Program Files\Cloudflare\Cloudflare WARP\;C:\Users\ASUS\AppData\Local\Muse Hub\lib;F:\Python\Scripts\;F:\Python\;C:\Users\ASUS\AppData\Local\Programs\Python\Launcher\;C:\Users\ASUS\AppData\Local\Microsoft\WindowsApps;F:\Microsoft VS Code\bin;C:\Users\ASUS\AppData\Local\Muse Hub\lib;C:\Users\ASUS\.dotnet\tools;F:\tesseract-5.5.0\tesseract-5.5.0;C:\Program Files\Tesseract-OCR;F:\cursor\resources\app\bin;C:\Program Files\Java\jdk-23\bin;F:\flutter_windows_3.35.1-stable\flutter\bin;F:\MSY2\ucrt64\bin;F:\flutter_pub_cache\bin;F:\flutter_windows_3.32.0-stable\flutter\bin;
USERNAME=ASUS
OS=Windows_NT
PROCESSOR_IDENTIFIER=Intel64 Family 6 Model 186 Stepping 2, GenuineIntel
TMP=F:\Temp
TEMP=F:\Temp




Periodic native trim disabled

---------------  S Y S T E M  ---------------

OS:
 Windows 11 , 64 bit Build 22621 (10.0.22621.5415)
OS uptime: 1 days 9:52 hours
Hyper-V role detected

CPU: total 16 (initial active 16) (8 cores per cpu, 2 threads per core) family 6 model 186 stepping 2 microcode 0x410e, cx8, cmov, fxsr, ht, mmx, 3dnowpref, sse, sse2, sse3, ssse3, sse4.1, sse4.2, popcnt, lzcnt, tsc, tscinvbit, avx, avx2, aes, erms, clmul, bmi1, bmi2, adx, sha, fma, vzeroupper, clflush, clflushopt, clwb, hv, serialize, rdtscp, rdpid, fsrm, f16c, cet_ibt, cet_ss
Processor Information for processor 0
  Max Mhz: 2600, Current Mhz: 2600, Mhz Limit: 2600
Processor Information for processor 1
  Max Mhz: 2600, Current Mhz: 2600, Mhz Limit: 2600
Processor Information for processor 2
  Max Mhz: 2600, Current Mhz: 2600, Mhz Limit: 2600
Processor Information for processor 3
  Max Mhz: 2600, Current Mhz: 2600, Mhz Limit: 2600
Processor Information for processor 4
  Max Mhz: 2600, Current Mhz: 2600, Mhz Limit: 2600
Processor Information for processor 5
  Max Mhz: 2600, Current Mhz: 2600, Mhz Limit: 2600
Processor Information for processor 6
  Max Mhz: 2600, Current Mhz: 2600, Mhz Limit: 2600
Processor Information for processor 7
  Max Mhz: 2600, Current Mhz: 2600, Mhz Limit: 2600
Processor Information for processor 8
  Max Mhz: 2600, Current Mhz: 1900, Mhz Limit: 1898
Processor Information for processor 9
  Max Mhz: 2600, Current Mhz: 1900, Mhz Limit: 1898
Processor Information for processor 10
  Max Mhz: 2600, Current Mhz: 1900, Mhz Limit: 1898
Processor Information for processor 11
  Max Mhz: 2600, Current Mhz: 1900, Mhz Limit: 1898
Processor Information for processor 12
  Max Mhz: 2600, Current Mhz: 1900, Mhz Limit: 1898
Processor Information for processor 13
  Max Mhz: 2600, Current Mhz: 1900, Mhz Limit: 1898
Processor Information for processor 14
  Max Mhz: 2600, Current Mhz: 1900, Mhz Limit: 1898
Processor Information for processor 15
  Max Mhz: 2600, Current Mhz: 1900, Mhz Limit: 1898

Memory: 4k page, system-wide physical 16008M (1760M free)
TotalPageFile size 27528M (AvailPageFile size 5M)
current process WorkingSet (physical memory assigned to process): 268M, peak: 277M
current process commit charge ("private bytes"): 378M, peak: 387M

vm_info: OpenJDK 64-Bit Server VM (21.0.8+9-LTS) for windows-amd64 JRE (21.0.8+9-LTS), built on 2025-07-15T00:00:00Z by "admin" with MS VC++ 17.7 (VS2022)

END.
