#
# There is insufficient memory for the Java Runtime Environment to continue.
# Native memory allocation (malloc) failed to allocate 178768 bytes. Error detail: Chunk::new
# Possible reasons:
#   The system is out of physical RAM or swap space
#   This process is running with CompressedOops enabled, and the Java Heap may be blocking the growth of the native heap
# Possible solutions:
#   Reduce memory load on the system
#   Increase physical memory or swap space
#   Check if swap backing store is full
#   Decrease Java heap size (-Xmx/-Xms)
#   Decrease number of Java threads
#   Decrease Java thread stack sizes (-Xss)
#   Set larger code cache with -XX:ReservedCodeCacheSize=
#   JVM is running with Unscaled Compressed Oops mode in which the Java heap is
#     placed in the first 4GB address space. The Java Heap base address is the
#     maximum limit for the native heap growth. Please use -XX:HeapBaseMinAddress
#     to set the Java Heap base and to place the Java Heap above 4GB virtual address.
# This output file may be truncated or incomplete.
#
#  Out of Memory Error (arena.cpp:168), pid=13728, tid=23336
#
# JRE version: OpenJDK Runtime Environment Temurin-21.0.8+9 (21.0.8+9) (build 21.0.8+9-LTS)
# Java VM: OpenJDK 64-Bit Server VM Temurin-21.0.8+9 (21.0.8+9-LTS, mixed mode, sharing, tiered, compressed oops, compressed class ptrs, parallel gc, windows-amd64)
# No core dump will be written. Minidumps are not enabled by default on client versions of Windows
#

---------------  S U M M A R Y ------------

Command Line: --add-modules=ALL-SYSTEM --add-opens=java.base/java.util=ALL-UNNAMED --add-opens=java.base/java.lang=ALL-UNNAMED --add-opens=java.base/sun.nio.fs=ALL-UNNAMED -Declipse.application=org.eclipse.jdt.ls.core.id1 -Dosgi.bundles.defaultStartLevel=4 -Declipse.product=org.eclipse.jdt.ls.core.product -Djava.import.generatesMetadataFilesAtProjectRoot=false -DDetectVMInstallationsJob.disabled=true -Dfile.encoding=utf8 -XX:+UseParallelGC -XX:GCTimeRatio=4 -XX:AdaptiveSizePolicyWeight=90 -Dsun.zip.disableMemoryMapping=true -Xmx2G -Xms100m -Xlog:disable -javaagent:c:\Users\ASUS\.vscode\extensions\redhat.java-1.47.0-win32-x64\lombok\lombok-1.18.39-4050.jar -XX:+HeapDumpOnOutOfMemoryError -XX:HeapDumpPath=c:\Users\ASUS\AppData\Roaming\Code\User\workspaceStorage\41ae7d1129ff58fce0dc0a0701183406\redhat.java -Daether.dependencyCollector.impl=bf F:\VSCode\extensions\redhat.java-1.47.0-win32-x64\server\plugins\org.eclipse.equinox.launcher_1.7.100.v20251014-1222.jar -configuration c:\Users\ASUS\AppData\Roaming\Code\User\globalStorage\redhat.java\1.47.0\config_win -data c:\Users\ASUS\AppData\Roaming\Code\User\workspaceStorage\41ae7d1129ff58fce0dc0a0701183406\redhat.java\jdt_ws --pipe=\\.\pipe\lsp-6a7ae2859a4402eeb1b02be0d4d0f0ea-sock

Host: 13th Gen Intel(R) Core(TM) i5-13500H, 16 cores, 15G,  Windows 11 , 64 bit Build 22621 (10.0.22621.5415)
Time: Wed Nov  5 00:03:34 2025 SE Asia Standard Time elapsed time: 8.118515 seconds (0d 0h 0m 8s)

---------------  T H R E A D  ---------------

Current thread (0x0000024a7c7000e0):  JavaThread "C2 CompilerThread0" daemon [_thread_in_native, id=23336, stack(0x0000004ae0500000,0x0000004ae0600000) (1024K)]


Current CompileTask:
C2:8118 2457   !   4       java.util.jar.Attributes::read (494 bytes)

Stack: [0x0000004ae0500000,0x0000004ae0600000]
Native frames: (J=compiled Java code, j=interpreted, Vv=VM code, C=native code)
V  [jvm.dll+0x6d2449]
V  [jvm.dll+0x8ae341]
V  [jvm.dll+0x8b08be]
V  [jvm.dll+0x8b0fa3]
V  [jvm.dll+0x280c96]
V  [jvm.dll+0xc581d]
V  [jvm.dll+0xc5d53]
V  [jvm.dll+0x13fc9f]
V  [jvm.dll+0x661835]
V  [jvm.dll+0x65fd8e]
V  [jvm.dll+0x248d55]
V  [jvm.dll+0x2484af]
V  [jvm.dll+0x1c89ee]
V  [jvm.dll+0x257d4d]
V  [jvm.dll+0x2562ea]
V  [jvm.dll+0x3f2d16]
V  [jvm.dll+0x857e6b]
V  [jvm.dll+0x6d0b0d]
C  [ucrtbase.dll+0x29333]
C  [KERNEL32.DLL+0x1259d]
C  [ntdll.dll+0x5af78]


---------------  P R O C E S S  ---------------

Threads class SMR info:
_java_thread_list=0x0000024a5b72ca70, length=16, elements={
0x0000024a7c64eb50, 0x0000024a7c6f43c0, 0x0000024a541fd830, 0x0000024a7c6f6230,
0x0000024a7c6f73a0, 0x0000024a7c6f8dd0, 0x0000024a554b5710, 0x0000024a7c7000e0,
0x0000024a7c704c30, 0x0000024a555eb1f0, 0x0000024a5b04ee30, 0x0000024a5b73a490,
0x0000024a5bd9fc00, 0x0000024a5bee5ac0, 0x0000024a5bee6120, 0x0000024a5b9f8e20
}

Java Threads: ( => current thread )
  0x0000024a7c64eb50 JavaThread "main"                              [_thread_blocked, id=26884, stack(0x0000004adfb00000,0x0000004adfc00000) (1024K)]
  0x0000024a7c6f43c0 JavaThread "Reference Handler"          daemon [_thread_blocked, id=22664, stack(0x0000004adff00000,0x0000004ae0000000) (1024K)]
  0x0000024a541fd830 JavaThread "Finalizer"                  daemon [_thread_blocked, id=9424, stack(0x0000004ae0000000,0x0000004ae0100000) (1024K)]
  0x0000024a7c6f6230 JavaThread "Signal Dispatcher"          daemon [_thread_blocked, id=22652, stack(0x0000004ae0100000,0x0000004ae0200000) (1024K)]
  0x0000024a7c6f73a0 JavaThread "Attach Listener"            daemon [_thread_blocked, id=2336, stack(0x0000004ae0200000,0x0000004ae0300000) (1024K)]
  0x0000024a7c6f8dd0 JavaThread "Service Thread"             daemon [_thread_blocked, id=22568, stack(0x0000004ae0300000,0x0000004ae0400000) (1024K)]
  0x0000024a554b5710 JavaThread "Monitor Deflation Thread"   daemon [_thread_blocked, id=8360, stack(0x0000004ae0400000,0x0000004ae0500000) (1024K)]
=>0x0000024a7c7000e0 JavaThread "C2 CompilerThread0"         daemon [_thread_in_native, id=23336, stack(0x0000004ae0500000,0x0000004ae0600000) (1024K)]
  0x0000024a7c704c30 JavaThread "C1 CompilerThread0"         daemon [_thread_in_native, id=21584, stack(0x0000004ae0600000,0x0000004ae0700000) (1024K)]
  0x0000024a555eb1f0 JavaThread "Common-Cleaner"             daemon [_thread_blocked, id=24448, stack(0x0000004ae0800000,0x0000004ae0900000) (1024K)]
  0x0000024a5b04ee30 JavaThread "Notification Thread"        daemon [_thread_blocked, id=26776, stack(0x0000004ae0c00000,0x0000004ae0d00000) (1024K)]
  0x0000024a5b73a490 JavaThread "Active Thread: Equinox Container: cb59c1ba-4b13-4ce4-b72c-ee300608422b"        [_thread_blocked, id=22408, stack(0x0000004ae1500000,0x0000004ae1600000) (1024K)]
  0x0000024a5bd9fc00 JavaThread "Refresh Thread: Equinox Container: cb59c1ba-4b13-4ce4-b72c-ee300608422b" daemon [_thread_blocked, id=2824, stack(0x0000004ae1700000,0x0000004ae1800000) (1024K)]
  0x0000024a5bee5ac0 JavaThread "Framework Event Dispatcher: Equinox Container: cb59c1ba-4b13-4ce4-b72c-ee300608422b" daemon [_thread_blocked, id=1536, stack(0x0000004ae1800000,0x0000004ae1900000) (1024K)]
  0x0000024a5bee6120 JavaThread "Start Level: Equinox Container: cb59c1ba-4b13-4ce4-b72c-ee300608422b" daemon [_thread_in_Java, id=6944, stack(0x0000004ae1900000,0x0000004ae1a00000) (1024K)]
  0x0000024a5b9f8e20 JavaThread "Bundle File Closer"         daemon [_thread_blocked, id=27612, stack(0x0000004ae0b00000,0x0000004ae0c00000) (1024K)]
Total: 16

Other Threads:
  0x0000024a541e4c10 VMThread "VM Thread"                           [id=21620, stack(0x0000004adfe00000,0x0000004adff00000) (1024K)]
  0x0000024a540dca00 WatcherThread "VM Periodic Task Thread"        [id=22312, stack(0x0000004adfd00000,0x0000004adfe00000) (1024K)]
  0x0000024a7c66f790 WorkerThread "GC Thread#0"                     [id=15716, stack(0x0000004adfc00000,0x0000004adfd00000) (1024K)]
  0x0000024a5b9231a0 WorkerThread "GC Thread#1"                     [id=23724, stack(0x0000004ae0f00000,0x0000004ae1000000) (1024K)]
  0x0000024a5b923d50 WorkerThread "GC Thread#2"                     [id=16788, stack(0x0000004ae1000000,0x0000004ae1100000) (1024K)]
  0x0000024a5bba8190 WorkerThread "GC Thread#3"                     [id=3252, stack(0x0000004ae1100000,0x0000004ae1200000) (1024K)]
  0x0000024a5bbace70 WorkerThread "GC Thread#4"                     [id=13496, stack(0x0000004ae1200000,0x0000004ae1300000) (1024K)]
  0x0000024a5bbada20 WorkerThread "GC Thread#5"                     [id=9244, stack(0x0000004ae1300000,0x0000004ae1400000) (1024K)]
  0x0000024a5b708710 WorkerThread "GC Thread#6"                     [id=12956, stack(0x0000004ae1400000,0x0000004ae1500000) (1024K)]
  0x0000024a5b739e30 WorkerThread "GC Thread#7"                     [id=13884, stack(0x0000004ae1600000,0x0000004ae1700000) (1024K)]
  0x0000024a5b738870 WorkerThread "GC Thread#8"                     [id=27100, stack(0x0000004ae0700000,0x0000004ae0800000) (1024K)]
  0x0000024a5b738c10 WorkerThread "GC Thread#9"                     [id=21336, stack(0x0000004ae0900000,0x0000004ae0a00000) (1024K)]
  0x0000024a5b738fb0 WorkerThread "GC Thread#10"                    [id=23068, stack(0x0000004ae0a00000,0x0000004ae0b00000) (1024K)]
Total: 13

Threads with active compile tasks:
C2 CompilerThread0  8176 2457   !   4       java.util.jar.Attributes::read (494 bytes)
C1 CompilerThread0  8176 2515   !   3       org.eclipse.osgi.internal.framework.BundleContextImpl::dispatchEvent (577 bytes)
Total: 2

VM state: not at safepoint (normal execution)

VM Mutex/Monitor currently owned by a thread: None

Heap address: 0x0000000080000000, size: 2048 MB, Compressed Oops mode: 32-bit

CDS archive(s) mapped at: [0x0000024a13000000-0x0000024a13ba0000-0x0000024a13ba0000), size 12189696, SharedBaseAddress: 0x0000024a13000000, ArchiveRelocationMode: 1.
Compressed class space mapped at: 0x0000024a14000000-0x0000024a54000000, reserved size: 1073741824
Narrow klass base: 0x0000024a13000000, Narrow klass shift: 0, Narrow klass range: 0x100000000

GC Precious Log:
 CardTable entry size: 512
 CPUs: 16 total, 16 available
 Memory: 16008M
 Large Page Support: Disabled
 NUMA Support: Disabled
 Compressed Oops: Enabled (32-bit)
 Alignments: Space 512K, Generation 512K, Heap 2M
 Heap Min Capacity: 100M
 Heap Initial Capacity: 100M
 Heap Max Capacity: 2G
 Pre-touch: Disabled
 Parallel Workers: 13

Heap:
 PSYoungGen      total 29696K, used 20963K [0x00000000d5580000, 0x00000000d7680000, 0x0000000100000000)
  eden space 25600K, 65% used [0x00000000d5580000,0x00000000d65f8d20,0x00000000d6e80000)
  from space 4096K, 99% used [0x00000000d6e80000,0x00000000d727ff58,0x00000000d7280000)
  to   space 4096K, 0% used [0x00000000d7280000,0x00000000d7280000,0x00000000d7680000)
 ParOldGen       total 68608K, used 3812K [0x0000000080000000, 0x0000000084300000, 0x00000000d5580000)
  object space 68608K, 5% used [0x0000000080000000,0x00000000803b9198,0x0000000084300000)
 Metaspace       used 9863K, committed 10176K, reserved 1114112K
  class space    used 1034K, committed 1152K, reserved 1048576K

Card table byte_map: [0x0000024a7c000000,0x0000024a7c410000] _byte_map_base: 0x0000024a7bc00000

Marking Bits: (ParMarkBitMap*) 0x00007ff84f7ba340
 Begin Bits: [0x0000024a0f000000, 0x0000024a11000000)
 End Bits:   [0x0000024a11000000, 0x0000024a13000000)

Polling page: 0x0000024a7a530000

Metaspace:

Usage:
  Non-class:      8.62 MB used.
      Class:      1.01 MB used.
       Both:      9.63 MB used.

Virtual space:
  Non-class space:       64.00 MB reserved,       8.81 MB ( 14%) committed,  1 nodes.
      Class space:        1.00 GB reserved,       1.12 MB ( <1%) committed,  1 nodes.
             Both:        1.06 GB reserved,       9.94 MB ( <1%) committed. 

Chunk freelists:
   Non-Class:  6.50 MB
       Class:  14.76 MB
        Both:  21.26 MB

MaxMetaspaceSize: unlimited
CompressedClassSpaceSize: 1.00 GB
Initial GC threshold: 21.00 MB
Current GC threshold: 21.00 MB
CDS: on
 - commit_granule_bytes: 65536.
 - commit_granule_words: 8192.
 - virtual_space_node_default_size: 8388608.
 - enlarge_chunks_in_place: 1.
 - use_allocation_guard: 0.


Internal statistics:

num_allocs_failed_limit: 0.
num_arena_births: 260.
num_arena_deaths: 0.
num_vsnodes_births: 2.
num_vsnodes_deaths: 0.
num_space_committed: 159.
num_space_uncommitted: 0.
num_chunks_returned_to_freelist: 0.
num_chunks_taken_from_freelist: 532.
num_chunk_merges: 0.
num_chunk_splits: 334.
num_chunks_enlarged: 223.
num_inconsistent_stats: 0.

CodeHeap 'non-profiled nmethods': size=119168Kb used=1102Kb max_used=1102Kb free=118065Kb
 bounds [0x0000024a07ba0000, 0x0000024a07e10000, 0x0000024a0f000000]
CodeHeap 'profiled nmethods': size=119104Kb used=4845Kb max_used=4845Kb free=114258Kb
 bounds [0x0000024a00000000, 0x0000024a004c0000, 0x0000024a07450000]
CodeHeap 'non-nmethods': size=7488Kb used=1229Kb max_used=2956Kb free=6258Kb
 bounds [0x0000024a07450000, 0x0000024a07740000, 0x0000024a07ba0000]
CodeCache: size=245760Kb, used=7176Kb, max_used=8903Kb, free=238581Kb
 total_blobs=3000, nmethods=2506, adapters=400, full_count=0
Compilation: enabled, stopped_count=0, restarted_count=0

Compilation events (20 events):
Event: 8.105 Thread 0x0000024a7c704c30 nmethod 2474 0x0000024a004ae710 code [0x0000024a004ae8c0, 0x0000024a004aea98]
Event: 8.105 Thread 0x0000024a7c704c30 2475       3       org.eclipse.osgi.internal.framework.EquinoxBundle::getHeaders (16 bytes)
Event: 8.106 Thread 0x0000024a7c704c30 nmethod 2475 0x0000024a004aeb90 code [0x0000024a004aeda0, 0x0000024a004af228]
Event: 8.106 Thread 0x0000024a7c704c30 2476       3       org.eclipse.osgi.internal.framework.EquinoxBundle::privGetHeaders (20 bytes)
Event: 8.106 Thread 0x0000024a7c704c30 nmethod 2476 0x0000024a004af490 code [0x0000024a004af680, 0x0000024a004afa40]
Event: 8.106 Thread 0x0000024a7c704c30 2477       3       org.eclipse.osgi.storage.BundleInfo$Generation::getHeaders (11 bytes)
Event: 8.106 Thread 0x0000024a7c704c30 nmethod 2477 0x0000024a004afc10 code [0x0000024a004afdc0, 0x0000024a004aff60]
Event: 8.106 Thread 0x0000024a7c704c30 2478   !   3       org.eclipse.osgi.storage.BundleInfo$Generation::getManifestLocalization (59 bytes)
Event: 8.107 Thread 0x0000024a7c704c30 nmethod 2478 0x0000024a004b0090 code [0x0000024a004b02c0, 0x0000024a004b0a80]
Event: 8.107 Thread 0x0000024a7c704c30 2481       3       java.nio.Buffer::<init> (105 bytes)
Event: 8.108 Thread 0x0000024a7c704c30 nmethod 2481 0x0000024a004b0f10 code [0x0000024a004b11c0, 0x0000024a004b1c60]
Event: 8.108 Thread 0x0000024a7c704c30 2482       3       org.eclipse.osgi.framework.util.CaseInsensitiveDictionaryMap$UnmodifiableDictionary::get (9 bytes)
Event: 8.108 Thread 0x0000024a7c704c30 nmethod 2482 0x0000024a004b2090 code [0x0000024a004b2240, 0x0000024a004b2418]
Event: 8.109 Thread 0x0000024a7c704c30 2483       3       org.eclipse.osgi.container.ModuleRevision::getBundle (8 bytes)
Event: 8.109 Thread 0x0000024a7c704c30 nmethod 2483 0x0000024a004b2510 code [0x0000024a004b26c0, 0x0000024a004b28f8]
Event: 8.109 Thread 0x0000024a7c704c30 2484       3       org.eclipse.osgi.container.ModuleRevisions::getBundle (8 bytes)
Event: 8.109 Thread 0x0000024a7c704c30 nmethod 2484 0x0000024a004b2a10 code [0x0000024a004b2bc0, 0x0000024a004b2d98]
Event: 8.116 Thread 0x0000024a7c704c30 2485       3       java.util.concurrent.ConcurrentHashMap::containsKey (14 bytes)
Event: 8.117 Thread 0x0000024a7c704c30 nmethod 2485 0x0000024a004b2e90 code [0x0000024a004b3040, 0x0000024a004b31e8]
Event: 8.117 Thread 0x0000024a7c704c30 2486       3       java.util.RegularEnumSet::remove (74 bytes)

GC Heap History (6 events):
Event: 0.330 GC heap before
{Heap before GC invocations=1 (full 0):
 PSYoungGen      total 29696K, used 25600K [0x00000000d5580000, 0x00000000d7680000, 0x0000000100000000)
  eden space 25600K, 100% used [0x00000000d5580000,0x00000000d6e80000,0x00000000d6e80000)
  from space 4096K, 0% used [0x00000000d7280000,0x00000000d7280000,0x00000000d7680000)
  to   space 4096K, 0% used [0x00000000d6e80000,0x00000000d6e80000,0x00000000d7280000)
 ParOldGen       total 68608K, used 0K [0x0000000080000000, 0x0000000084300000, 0x00000000d5580000)
  object space 68608K, 0% used [0x0000000080000000,0x0000000080000000,0x0000000084300000)
 Metaspace       used 4145K, committed 4416K, reserved 1114112K
  class space    used 454K, committed 576K, reserved 1048576K
}
Event: 0.334 GC heap after
{Heap after GC invocations=1 (full 0):
 PSYoungGen      total 29696K, used 3723K [0x00000000d5580000, 0x00000000d7680000, 0x0000000100000000)
  eden space 25600K, 0% used [0x00000000d5580000,0x00000000d5580000,0x00000000d6e80000)
  from space 4096K, 90% used [0x00000000d6e80000,0x00000000d7222fe8,0x00000000d7280000)
  to   space 4096K, 0% used [0x00000000d7280000,0x00000000d7280000,0x00000000d7680000)
 ParOldGen       total 68608K, used 16K [0x0000000080000000, 0x0000000084300000, 0x00000000d5580000)
  object space 68608K, 0% used [0x0000000080000000,0x0000000080004000,0x0000000084300000)
 Metaspace       used 4145K, committed 4416K, reserved 1114112K
  class space    used 454K, committed 576K, reserved 1048576K
}
Event: 0.647 GC heap before
{Heap before GC invocations=2 (full 0):
 PSYoungGen      total 29696K, used 29323K [0x00000000d5580000, 0x00000000d7680000, 0x0000000100000000)
  eden space 25600K, 100% used [0x00000000d5580000,0x00000000d6e80000,0x00000000d6e80000)
  from space 4096K, 90% used [0x00000000d6e80000,0x00000000d7222fe8,0x00000000d7280000)
  to   space 4096K, 0% used [0x00000000d7280000,0x00000000d7280000,0x00000000d7680000)
 ParOldGen       total 68608K, used 16K [0x0000000080000000, 0x0000000084300000, 0x00000000d5580000)
  object space 68608K, 0% used [0x0000000080000000,0x0000000080004000,0x0000000084300000)
 Metaspace       used 7763K, committed 8064K, reserved 1114112K
  class space    used 806K, committed 960K, reserved 1048576K
}
Event: 0.651 GC heap after
{Heap after GC invocations=2 (full 0):
 PSYoungGen      total 29696K, used 4070K [0x00000000d5580000, 0x00000000d7680000, 0x0000000100000000)
  eden space 25600K, 0% used [0x00000000d5580000,0x00000000d5580000,0x00000000d6e80000)
  from space 4096K, 99% used [0x00000000d7280000,0x00000000d7679820,0x00000000d7680000)
  to   space 4096K, 0% used [0x00000000d6e80000,0x00000000d6e80000,0x00000000d7280000)
 ParOldGen       total 68608K, used 1609K [0x0000000080000000, 0x0000000084300000, 0x00000000d5580000)
  object space 68608K, 2% used [0x0000000080000000,0x00000000801926a8,0x0000000084300000)
 Metaspace       used 7763K, committed 8064K, reserved 1114112K
  class space    used 806K, committed 960K, reserved 1048576K
}
Event: 3.619 GC heap before
{Heap before GC invocations=3 (full 0):
 PSYoungGen      total 29696K, used 29670K [0x00000000d5580000, 0x00000000d7680000, 0x0000000100000000)
  eden space 25600K, 100% used [0x00000000d5580000,0x00000000d6e80000,0x00000000d6e80000)
  from space 4096K, 99% used [0x00000000d7280000,0x00000000d7679820,0x00000000d7680000)
  to   space 4096K, 0% used [0x00000000d6e80000,0x00000000d6e80000,0x00000000d7280000)
 ParOldGen       total 68608K, used 1609K [0x0000000080000000, 0x0000000084300000, 0x00000000d5580000)
  object space 68608K, 2% used [0x0000000080000000,0x00000000801926a8,0x0000000084300000)
 Metaspace       used 9434K, committed 9792K, reserved 1114112K
  class space    used 1006K, committed 1152K, reserved 1048576K
}
Event: 3.622 GC heap after
{Heap after GC invocations=3 (full 0):
 PSYoungGen      total 29696K, used 4095K [0x00000000d5580000, 0x00000000d7680000, 0x0000000100000000)
  eden space 25600K, 0% used [0x00000000d5580000,0x00000000d5580000,0x00000000d6e80000)
  from space 4096K, 99% used [0x00000000d6e80000,0x00000000d727ff58,0x00000000d7280000)
  to   space 4096K, 0% used [0x00000000d7280000,0x00000000d7280000,0x00000000d7680000)
 ParOldGen       total 68608K, used 3812K [0x0000000080000000, 0x0000000084300000, 0x00000000d5580000)
  object space 68608K, 5% used [0x0000000080000000,0x00000000803b9198,0x0000000084300000)
 Metaspace       used 9434K, committed 9792K, reserved 1114112K
  class space    used 1006K, committed 1152K, reserved 1048576K
}

Dll operation events (9 events):
Event: 0.005 Loaded shared library c:\Users\ASUS\.vscode\extensions\redhat.java-1.47.0-win32-x64\jre\21.0.8-win32-x86_64\bin\java.dll
Event: 0.038 Loaded shared library c:\Users\ASUS\.vscode\extensions\redhat.java-1.47.0-win32-x64\jre\21.0.8-win32-x86_64\bin\zip.dll
Event: 0.045 Loaded shared library C:\Users\ASUS\.vscode\extensions\redhat.java-1.47.0-win32-x64\jre\21.0.8-win32-x86_64\bin\instrument.dll
Event: 0.048 Loaded shared library C:\Users\ASUS\.vscode\extensions\redhat.java-1.47.0-win32-x64\jre\21.0.8-win32-x86_64\bin\net.dll
Event: 0.049 Loaded shared library C:\Users\ASUS\.vscode\extensions\redhat.java-1.47.0-win32-x64\jre\21.0.8-win32-x86_64\bin\nio.dll
Event: 0.050 Loaded shared library C:\Users\ASUS\.vscode\extensions\redhat.java-1.47.0-win32-x64\jre\21.0.8-win32-x86_64\bin\zip.dll
Event: 0.058 Loaded shared library C:\Users\ASUS\.vscode\extensions\redhat.java-1.47.0-win32-x64\jre\21.0.8-win32-x86_64\bin\jimage.dll
Event: 0.091 Loaded shared library c:\Users\ASUS\.vscode\extensions\redhat.java-1.47.0-win32-x64\jre\21.0.8-win32-x86_64\bin\verify.dll
Event: 0.692 Loading shared library C:\Users\ASUS\AppData\Roaming\Code\User\globalStorage\redhat.java\1.47.0\config_win\org.eclipse.equinox.launcher\org.eclipse.equinox.launcher.win32.win32.x86_64_1.2.1400.v20250801-0854\eclipse_11916.dll failed, error code 193

Deoptimization events (20 events):
Event: 3.685 Thread 0x0000024a5bee6120 DEOPT PACKING pc=0x0000024a07bc4060 sp=0x0000004ae19fdba0
Event: 3.685 Thread 0x0000024a5bee6120 DEOPT UNPACKING pc=0x0000024a074a3aa2 sp=0x0000004ae19fda70 mode 2
Event: 3.685 Thread 0x0000024a5bee6120 Uncommon trap: trap_request=0xffffff45 fr.pc=0x0000024a07bf1c0c relative=0x000000000000052c
Event: 3.685 Thread 0x0000024a5bee6120 Uncommon trap: reason=unstable_if action=reinterpret pc=0x0000024a07bf1c0c method=java.lang.String.substring(II)Ljava/lang/String; @ 31 c2
Event: 3.685 Thread 0x0000024a5bee6120 DEOPT PACKING pc=0x0000024a07bf1c0c sp=0x0000004ae19fdb50
Event: 3.685 Thread 0x0000024a5bee6120 DEOPT UNPACKING pc=0x0000024a074a3aa2 sp=0x0000004ae19fdb20 mode 2
Event: 4.990 Thread 0x0000024a5bee6120 Uncommon trap: trap_request=0xffffff45 fr.pc=0x0000024a07bb7e20 relative=0x0000000000000100
Event: 4.990 Thread 0x0000024a5bee6120 Uncommon trap: reason=unstable_if action=reinterpret pc=0x0000024a07bb7e20 method=java.lang.StringCoding.countPositives([BII)I @ 17 c2
Event: 4.990 Thread 0x0000024a5bee6120 DEOPT PACKING pc=0x0000024a07bb7e20 sp=0x0000004ae19fce80
Event: 4.990 Thread 0x0000024a5bee6120 DEOPT UNPACKING pc=0x0000024a074a3aa2 sp=0x0000004ae19fce08 mode 2
Event: 5.261 Thread 0x0000024a5bee6120 DEOPT PACKING pc=0x0000024a0045bcc9 sp=0x0000004ae19fce90
Event: 5.261 Thread 0x0000024a5bee6120 DEOPT UNPACKING pc=0x0000024a074a4242 sp=0x0000004ae19fc300 mode 0
Event: 5.636 Thread 0x0000024a5bee6120 DEOPT PACKING pc=0x0000024a0045bcc9 sp=0x0000004ae19fce90
Event: 5.636 Thread 0x0000024a5bee6120 DEOPT UNPACKING pc=0x0000024a074a4242 sp=0x0000004ae19fc300 mode 0
Event: 7.965 Thread 0x0000024a5bee6120 Uncommon trap: trap_request=0xffffff45 fr.pc=0x0000024a07c1194c relative=0x000000000000018c
Event: 7.965 Thread 0x0000024a5bee6120 Uncommon trap: reason=unstable_if action=reinterpret pc=0x0000024a07c1194c method=java.lang.String.startsWith(Ljava/lang/String;I)Z @ 50 c2
Event: 7.965 Thread 0x0000024a5bee6120 DEOPT PACKING pc=0x0000024a07c1194c sp=0x0000004ae19fdf60
Event: 7.965 Thread 0x0000024a5bee6120 DEOPT UNPACKING pc=0x0000024a074a3aa2 sp=0x0000004ae19fde90 mode 2
Event: 7.969 Thread 0x0000024a5bee6120 DEOPT PACKING pc=0x0000024a0045bcc9 sp=0x0000004ae19fd350
Event: 7.969 Thread 0x0000024a5bee6120 DEOPT UNPACKING pc=0x0000024a074a4242 sp=0x0000004ae19fc7d8 mode 0

Classes loaded (20 events):
Event: 0.771 Loading class sun/util/logging/resources/logging_vi_VN
Event: 0.771 Loading class sun/util/logging/resources/logging_vi_VN done
Event: 0.771 Loading class sun/util/logging/resources/logging_vi_VN
Event: 0.771 Loading class sun/util/logging/resources/logging_vi_VN done
Event: 0.772 Loading class java/util/Formatter$DateTime
Event: 0.772 Loading class java/util/Formatter$DateTime done
Event: 0.772 Loading class java/util/Formatter$FixedString
Event: 0.772 Loading class java/util/Formatter$FixedString done
Event: 0.773 Loading class java/time/ZonedDateTime$1
Event: 0.773 Loading class java/time/ZonedDateTime$1 done
Event: 0.774 Loading class jdk/internal/module/ModulePatcher$PatchedModuleReader
Event: 0.775 Loading class jdk/internal/module/ModulePatcher$PatchedModuleReader done
Event: 0.777 Loading class sun/util/resources/LocaleData$CommonResourceBundleProvider
Event: 0.777 Loading class sun/util/resources/LocaleData$LocaleDataResourceBundleProvider
Event: 0.777 Loading class java/util/spi/ResourceBundleProvider
Event: 0.777 Loading class java/util/spi/ResourceBundleProvider done
Event: 0.777 Loading class sun/util/resources/LocaleData$LocaleDataResourceBundleProvider done
Event: 0.777 Loading class sun/util/resources/LocaleData$CommonResourceBundleProvider done
Event: 0.778 Loading class sun/util/resources/Bundles$2
Event: 0.778 Loading class sun/util/resources/Bundles$2 done

Classes unloaded (0 events):
No events

Classes redefined (0 events):
No events

Internal exceptions (20 events):
Event: 6.870 Thread 0x0000024a7c64eb50 Exception <a 'java/lang/UnsatisfiedLinkError'{0x00000000d55e9840}: 'void org.eclipse.equinox.launcher.JNIBridge._update_splash()'> (0x00000000d55e9840) 
thrown [s\src\hotspot\share\prims\nativeLookup.cpp, line 415]
Event: 6.933 Thread 0x0000024a7c64eb50 Exception <a 'java/lang/UnsatisfiedLinkError'{0x00000000d55e9d40}: 'void org.eclipse.equinox.launcher.JNIBridge._update_splash()'> (0x00000000d55e9d40) 
thrown [s\src\hotspot\share\prims\nativeLookup.cpp, line 415]
Event: 6.995 Thread 0x0000024a7c64eb50 Exception <a 'java/lang/UnsatisfiedLinkError'{0x00000000d55ea240}: 'void org.eclipse.equinox.launcher.JNIBridge._update_splash()'> (0x00000000d55ea240) 
thrown [s\src\hotspot\share\prims\nativeLookup.cpp, line 415]
Event: 7.058 Thread 0x0000024a7c64eb50 Exception <a 'java/lang/UnsatisfiedLinkError'{0x00000000d55ea740}: 'void org.eclipse.equinox.launcher.JNIBridge._update_splash()'> (0x00000000d55ea740) 
thrown [s\src\hotspot\share\prims\nativeLookup.cpp, line 415]
Event: 7.121 Thread 0x0000024a7c64eb50 Exception <a 'java/lang/UnsatisfiedLinkError'{0x00000000d55eac40}: 'void org.eclipse.equinox.launcher.JNIBridge._update_splash()'> (0x00000000d55eac40) 
thrown [s\src\hotspot\share\prims\nativeLookup.cpp, line 415]
Event: 7.183 Thread 0x0000024a7c64eb50 Exception <a 'java/lang/UnsatisfiedLinkError'{0x00000000d55eb140}: 'void org.eclipse.equinox.launcher.JNIBridge._update_splash()'> (0x00000000d55eb140) 
thrown [s\src\hotspot\share\prims\nativeLookup.cpp, line 415]
Event: 7.245 Thread 0x0000024a7c64eb50 Exception <a 'java/lang/UnsatisfiedLinkError'{0x00000000d55eb640}: 'void org.eclipse.equinox.launcher.JNIBridge._update_splash()'> (0x00000000d55eb640) 
thrown [s\src\hotspot\share\prims\nativeLookup.cpp, line 415]
Event: 7.307 Thread 0x0000024a7c64eb50 Exception <a 'java/lang/UnsatisfiedLinkError'{0x00000000d55ebb40}: 'void org.eclipse.equinox.launcher.JNIBridge._update_splash()'> (0x00000000d55ebb40) 
thrown [s\src\hotspot\share\prims\nativeLookup.cpp, line 415]
Event: 7.371 Thread 0x0000024a7c64eb50 Exception <a 'java/lang/UnsatisfiedLinkError'{0x00000000d55ec040}: 'void org.eclipse.equinox.launcher.JNIBridge._update_splash()'> (0x00000000d55ec040) 
thrown [s\src\hotspot\share\prims\nativeLookup.cpp, line 415]
Event: 7.432 Thread 0x0000024a7c64eb50 Exception <a 'java/lang/UnsatisfiedLinkError'{0x00000000d55ec540}: 'void org.eclipse.equinox.launcher.JNIBridge._update_splash()'> (0x00000000d55ec540) 
thrown [s\src\hotspot\share\prims\nativeLookup.cpp, line 415]
Event: 7.495 Thread 0x0000024a7c64eb50 Exception <a 'java/lang/UnsatisfiedLinkError'{0x00000000d55eca40}: 'void org.eclipse.equinox.launcher.JNIBridge._update_splash()'> (0x00000000d55eca40) 
thrown [s\src\hotspot\share\prims\nativeLookup.cpp, line 415]
Event: 7.557 Thread 0x0000024a7c64eb50 Exception <a 'java/lang/UnsatisfiedLinkError'{0x00000000d55ecf40}: 'void org.eclipse.equinox.launcher.JNIBridge._update_splash()'> (0x00000000d55ecf40) 
thrown [s\src\hotspot\share\prims\nativeLookup.cpp, line 415]
Event: 7.620 Thread 0x0000024a7c64eb50 Exception <a 'java/lang/UnsatisfiedLinkError'{0x00000000d55ed440}: 'void org.eclipse.equinox.launcher.JNIBridge._update_splash()'> (0x00000000d55ed440) 
thrown [s\src\hotspot\share\prims\nativeLookup.cpp, line 415]
Event: 7.683 Thread 0x0000024a7c64eb50 Exception <a 'java/lang/UnsatisfiedLinkError'{0x00000000d55ed940}: 'void org.eclipse.equinox.launcher.JNIBridge._update_splash()'> (0x00000000d55ed940) 
thrown [s\src\hotspot\share\prims\nativeLookup.cpp, line 415]
Event: 7.745 Thread 0x0000024a7c64eb50 Exception <a 'java/lang/UnsatisfiedLinkError'{0x00000000d55ede40}: 'void org.eclipse.equinox.launcher.JNIBridge._update_splash()'> (0x00000000d55ede40) 
thrown [s\src\hotspot\share\prims\nativeLookup.cpp, line 415]
Event: 7.807 Thread 0x0000024a7c64eb50 Exception <a 'java/lang/UnsatisfiedLinkError'{0x00000000d55ee340}: 'void org.eclipse.equinox.launcher.JNIBridge._update_splash()'> (0x00000000d55ee340) 
thrown [s\src\hotspot\share\prims\nativeLookup.cpp, line 415]
Event: 7.870 Thread 0x0000024a7c64eb50 Exception <a 'java/lang/UnsatisfiedLinkError'{0x00000000d55ee840}: 'void org.eclipse.equinox.launcher.JNIBridge._update_splash()'> (0x00000000d55ee840) 
thrown [s\src\hotspot\share\prims\nativeLookup.cpp, line 415]
Event: 7.932 Thread 0x0000024a7c64eb50 Exception <a 'java/lang/UnsatisfiedLinkError'{0x00000000d55eed40}: 'void org.eclipse.equinox.launcher.JNIBridge._update_splash()'> (0x00000000d55eed40) 
thrown [s\src\hotspot\share\prims\nativeLookup.cpp, line 415]
Event: 7.994 Thread 0x0000024a7c64eb50 Exception <a 'java/lang/UnsatisfiedLinkError'{0x00000000d55ef240}: 'void org.eclipse.equinox.launcher.JNIBridge._update_splash()'> (0x00000000d55ef240) 
thrown [s\src\hotspot\share\prims\nativeLookup.cpp, line 415]
Event: 8.057 Thread 0x0000024a7c64eb50 Exception <a 'java/lang/UnsatisfiedLinkError'{0x00000000d55ef740}: 'void org.eclipse.equinox.launcher.JNIBridge._update_splash()'> (0x00000000d55ef740) 
thrown [s\src\hotspot\share\prims\nativeLookup.cpp, line 415]

ZGC Phase Switch (0 events):
No events

VM Operations (20 events):
Event: 0.647 Executing VM operation: ParallelGCFailedAllocation (Allocation Failure)
Event: 0.651 Executing VM operation: ParallelGCFailedAllocation (Allocation Failure) done
Event: 0.764 Executing VM operation: HandshakeAllThreads (Deoptimize)
Event: 0.764 Executing VM operation: HandshakeAllThreads (Deoptimize) done
Event: 0.775 Executing VM operation: HandshakeAllThreads (Deoptimize)
Event: 0.775 Executing VM operation: HandshakeAllThreads (Deoptimize) done
Event: 0.781 Executing VM operation: HandshakeAllThreads (Deoptimize)
Event: 0.781 Executing VM operation: HandshakeAllThreads (Deoptimize) done
Event: 0.786 Executing VM operation: HandshakeAllThreads (Deoptimize)
Event: 0.786 Executing VM operation: HandshakeAllThreads (Deoptimize) done
Event: 1.792 Executing VM operation: Cleanup
Event: 1.792 Executing VM operation: Cleanup done
Event: 3.608 Executing VM operation: HandshakeAllThreads (Deoptimize)
Event: 3.608 Executing VM operation: HandshakeAllThreads (Deoptimize) done
Event: 3.608 Executing VM operation: Cleanup
Event: 3.608 Executing VM operation: Cleanup done
Event: 3.619 Executing VM operation: ParallelGCFailedAllocation (Allocation Failure)
Event: 3.622 Executing VM operation: ParallelGCFailedAllocation (Allocation Failure) done
Event: 4.628 Executing VM operation: Cleanup
Event: 4.628 Executing VM operation: Cleanup done

Memory protections (0 events):
No events

Nmethod flushes (0 events):
No events

Events (20 events):
Event: 0.022 Thread 0x0000024a7c64eb50 Thread added: 0x0000024a7c704c30
Event: 0.025 Thread 0x0000024a7c704c30 Thread added: 0x0000024a55575b60
Event: 0.032 Thread 0x0000024a7c64eb50 Thread added: 0x0000024a555eb1f0
Event: 0.040 Thread 0x0000024a55575b60 Thread added: 0x0000024a5567c400
Event: 0.061 Thread 0x0000024a7c7000e0 Thread added: 0x0000024a55742ab0
Event: 0.061 Thread 0x0000024a7c7000e0 Thread added: 0x0000024a5572c1a0
Event: 0.135 Thread 0x0000024a7c64eb50 Thread added: 0x0000024a5b04ee30
Event: 0.176 Thread 0x0000024a5572c1a0 Thread added: 0x0000024a5b196910
Event: 0.229 Thread 0x0000024a5572c1a0 Thread added: 0x0000024a5b27cb40
Event: 0.584 Thread 0x0000024a7c64eb50 Thread added: 0x0000024a5b73a490
Event: 0.688 Thread 0x0000024a7c64eb50 Thread added: 0x0000024a5bd9fc00
Event: 0.709 Thread 0x0000024a5bd9fc00 Thread added: 0x0000024a5bee5ac0
Event: 0.711 Thread 0x0000024a7c64eb50 Thread added: 0x0000024a5bee6120
Event: 1.374 Thread 0x0000024a5b27cb40 Thread exited: 0x0000024a5b27cb40
Event: 1.374 Thread 0x0000024a5572c1a0 Thread exited: 0x0000024a5572c1a0
Event: 1.374 Thread 0x0000024a5b196910 Thread exited: 0x0000024a5b196910
Event: 1.938 Thread 0x0000024a55742ab0 Thread exited: 0x0000024a55742ab0
Event: 2.354 Thread 0x0000024a5567c400 Thread exited: 0x0000024a5567c400
Event: 2.354 Thread 0x0000024a55575b60 Thread exited: 0x0000024a55575b60
Event: 3.684 Thread 0x0000024a5bee6120 Thread added: 0x0000024a5b9f8e20


Dynamic libraries:
0x00007ff749bd0000 - 0x00007ff749bde000 	c:\Users\ASUS\.vscode\extensions\redhat.java-1.47.0-win32-x64\jre\21.0.8-win32-x86_64\bin\java.exe
0x00007ff9079b0000 - 0x00007ff907bc7000 	C:\Windows\SYSTEM32\ntdll.dll
0x00007ff907190000 - 0x00007ff907254000 	C:\Windows\System32\KERNEL32.DLL
0x00007ff905170000 - 0x00007ff905542000 	C:\Windows\System32\KERNELBASE.dll
0x00007ff904dd0000 - 0x00007ff904ee1000 	C:\Windows\System32\ucrtbase.dll
0x00007ff8c9e80000 - 0x00007ff8c9e9e000 	c:\Users\ASUS\.vscode\extensions\redhat.java-1.47.0-win32-x64\jre\21.0.8-win32-x86_64\bin\VCRUNTIME140.dll
0x00007ff8cb5a0000 - 0x00007ff8cb5b8000 	c:\Users\ASUS\.vscode\extensions\redhat.java-1.47.0-win32-x64\jre\21.0.8-win32-x86_64\bin\jli.dll
0x00007ff9072b0000 - 0x00007ff907461000 	C:\Windows\System32\USER32.dll
0x00007ff904ef0000 - 0x00007ff904f16000 	C:\Windows\System32\win32u.dll
0x00007ff8ee310000 - 0x00007ff8ee5ab000 	C:\Windows\WinSxS\amd64_microsoft.windows.common-controls_6595b64144ccf1df_6.0.22621.5547_none_27104afb73855772\COMCTL32.dll
0x00007ff9068b0000 - 0x00007ff9068d9000 	C:\Windows\System32\GDI32.dll
0x00007ff906390000 - 0x00007ff906437000 	C:\Windows\System32\msvcrt.dll
0x00007ff904fa0000 - 0x00007ff9050c3000 	C:\Windows\System32\gdi32full.dll
0x00007ff9050d0000 - 0x00007ff90516a000 	C:\Windows\System32\msvcp_win.dll
0x00007ff906660000 - 0x00007ff906691000 	C:\Windows\System32\IMM32.DLL
0x00007ff8ef1c0000 - 0x00007ff8ef1cc000 	c:\Users\ASUS\.vscode\extensions\redhat.java-1.47.0-win32-x64\jre\21.0.8-win32-x86_64\bin\vcruntime140_1.dll
0x00007ff8b3910000 - 0x00007ff8b399d000 	c:\Users\ASUS\.vscode\extensions\redhat.java-1.47.0-win32-x64\jre\21.0.8-win32-x86_64\bin\msvcp140.dll
0x00007ff84eb00000 - 0x00007ff84f897000 	c:\Users\ASUS\.vscode\extensions\redhat.java-1.47.0-win32-x64\jre\21.0.8-win32-x86_64\bin\server\jvm.dll
0x00007ff906440000 - 0x00007ff9064f1000 	C:\Windows\System32\ADVAPI32.dll
0x00007ff906750000 - 0x00007ff9067f8000 	C:\Windows\System32\sechost.dll
0x00007ff905550000 - 0x00007ff905578000 	C:\Windows\System32\bcrypt.dll
0x00007ff906500000 - 0x00007ff906614000 	C:\Windows\System32\RPCRT4.dll
0x00007ff906940000 - 0x00007ff9069b1000 	C:\Windows\System32\WS2_32.dll
0x00007ff8fddb0000 - 0x00007ff8fdde4000 	C:\Windows\SYSTEM32\WINMM.dll
0x00007ff9047c0000 - 0x00007ff90480d000 	C:\Windows\SYSTEM32\POWRPROF.dll
0x00007ff8eed40000 - 0x00007ff8eed4a000 	C:\Windows\SYSTEM32\VERSION.dll
0x00007ff9047a0000 - 0x00007ff9047b3000 	C:\Windows\SYSTEM32\UMPDC.dll
0x00007ff903aa0000 - 0x00007ff903ab8000 	C:\Windows\SYSTEM32\kernel.appcore.dll
0x00007ff8ed030000 - 0x00007ff8ed03a000 	c:\Users\ASUS\.vscode\extensions\redhat.java-1.47.0-win32-x64\jre\21.0.8-win32-x86_64\bin\jimage.dll
0x00007ff901c30000 - 0x00007ff901e63000 	C:\Windows\SYSTEM32\DBGHELP.DLL
0x00007ff906d10000 - 0x00007ff9070a3000 	C:\Windows\System32\combase.dll
0x00007ff9070b0000 - 0x00007ff907187000 	C:\Windows\System32\OLEAUT32.dll
0x00007ff8e72a0000 - 0x00007ff8e72d2000 	C:\Windows\SYSTEM32\dbgcore.DLL
0x00007ff904f20000 - 0x00007ff904f9b000 	C:\Windows\System32\bcryptPrimitives.dll
0x00007ff8e5ce0000 - 0x00007ff8e5cef000 	c:\Users\ASUS\.vscode\extensions\redhat.java-1.47.0-win32-x64\jre\21.0.8-win32-x86_64\bin\instrument.dll
0x00007ff8c9bb0000 - 0x00007ff8c9bcf000 	c:\Users\ASUS\.vscode\extensions\redhat.java-1.47.0-win32-x64\jre\21.0.8-win32-x86_64\bin\java.dll
0x00007ff905ac0000 - 0x00007ff906362000 	C:\Windows\System32\SHELL32.dll
0x00007ff904c90000 - 0x00007ff904dcf000 	C:\Windows\System32\wintypes.dll
0x00007ff902980000 - 0x00007ff90329d000 	C:\Windows\SYSTEM32\windows.storage.dll
0x00007ff9069c0000 - 0x00007ff906acc000 	C:\Windows\System32\SHCORE.dll
0x00007ff906ca0000 - 0x00007ff906d09000 	C:\Windows\System32\shlwapi.dll
0x00007ff9049d0000 - 0x00007ff9049fb000 	C:\Windows\SYSTEM32\profapi.dll
0x00007ff8c7370000 - 0x00007ff8c7388000 	c:\Users\ASUS\.vscode\extensions\redhat.java-1.47.0-win32-x64\jre\21.0.8-win32-x86_64\bin\zip.dll
0x00007ff8e53b0000 - 0x00007ff8e53c0000 	C:\Users\ASUS\.vscode\extensions\redhat.java-1.47.0-win32-x64\jre\21.0.8-win32-x86_64\bin\net.dll
0x00007ff900430000 - 0x00007ff90055c000 	C:\Windows\SYSTEM32\WINHTTP.dll
0x00007ff903f10000 - 0x00007ff903f79000 	C:\Windows\system32\mswsock.dll
0x00007ff8c6e10000 - 0x00007ff8c6e26000 	C:\Users\ASUS\.vscode\extensions\redhat.java-1.47.0-win32-x64\jre\21.0.8-win32-x86_64\bin\nio.dll
0x00007ff8e5350000 - 0x00007ff8e5360000 	c:\Users\ASUS\.vscode\extensions\redhat.java-1.47.0-win32-x64\jre\21.0.8-win32-x86_64\bin\verify.dll

JVMTI agents:
c:\Users\ASUS\.vscode\extensions\redhat.java-1.47.0-win32-x64\lombok\lombok-1.18.39-4050.jar path:c:\Users\ASUS\.vscode\extensions\redhat.java-1.47.0-win32-x64\jre\21.0.8-win32-x86_64\bin\instrument.dll, loaded, initialized, instrumentlib options:none

dbghelp: loaded successfully - version: 4.0.5 - missing functions: none
symbol engine: initialized successfully - sym options: 0x614 - pdb path: .;c:\Users\ASUS\.vscode\extensions\redhat.java-1.47.0-win32-x64\jre\21.0.8-win32-x86_64\bin;C:\Windows\SYSTEM32;C:\Windows\WinSxS\amd64_microsoft.windows.common-controls_6595b64144ccf1df_6.0.22621.5547_none_27104afb73855772;c:\Users\ASUS\.vscode\extensions\redhat.java-1.47.0-win32-x64\jre\21.0.8-win32-x86_64\bin\server

VM Arguments:
jvm_args: --add-modules=ALL-SYSTEM --add-opens=java.base/java.util=ALL-UNNAMED --add-opens=java.base/java.lang=ALL-UNNAMED --add-opens=java.base/sun.nio.fs=ALL-UNNAMED -Declipse.application=org.eclipse.jdt.ls.core.id1 -Dosgi.bundles.defaultStartLevel=4 -Declipse.product=org.eclipse.jdt.ls.core.product -Djava.import.generatesMetadataFilesAtProjectRoot=false -DDetectVMInstallationsJob.disabled=true -Dfile.encoding=utf8 -XX:+UseParallelGC -XX:GCTimeRatio=4 -XX:AdaptiveSizePolicyWeight=90 -Dsun.zip.disableMemoryMapping=true -Xmx2G -Xms100m -Xlog:disable -javaagent:c:\Users\ASUS\.vscode\extensions\redhat.java-1.47.0-win32-x64\lombok\lombok-1.18.39-4050.jar -XX:+HeapDumpOnOutOfMemoryError -XX:HeapDumpPath=c:\Users\ASUS\AppData\Roaming\Code\User\workspaceStorage\41ae7d1129ff58fce0dc0a0701183406\redhat.java -Daether.dependencyCollector.impl=bf 
java_command: F:\VSCode\extensions\redhat.java-1.47.0-win32-x64\server\plugins\org.eclipse.equinox.launcher_1.7.100.v20251014-1222.jar -configuration c:\Users\ASUS\AppData\Roaming\Code\User\globalStorage\redhat.java\1.47.0\config_win -data c:\Users\ASUS\AppData\Roaming\Code\User\workspaceStorage\41ae7d1129ff58fce0dc0a0701183406\redhat.java\jdt_ws --pipe=\\.\pipe\lsp-6a7ae2859a4402eeb1b02be0d4d0f0ea-sock
java_class_path (initial): F:\VSCode\extensions\redhat.java-1.47.0-win32-x64\server\plugins\org.eclipse.equinox.launcher_1.7.100.v20251014-1222.jar
Launcher Type: SUN_STANDARD

[Global flags]
    uintx AdaptiveSizePolicyWeight                 = 90                                        {product} {command line}
     intx CICompilerCount                          = 12                                        {product} {ergonomic}
    uintx GCTimeRatio                              = 4                                         {product} {command line}
     bool HeapDumpOnOutOfMemoryError               = true                                   {manageable} {command line}
    ccstr HeapDumpPath                             = c:\Users\ASUS\AppData\Roaming\Code\User\workspaceStorage\41ae7d1129ff58fce0dc0a0701183406\redhat.java         {manageable} {command line}
   size_t InitialHeapSize                          = 104857600                                 {product} {command line}
   size_t MaxHeapSize                              = 2147483648                                {product} {command line}
   size_t MaxNewSize                               = 715653120                                 {product} {ergonomic}
   size_t MinHeapDeltaBytes                        = 524288                                    {product} {ergonomic}
   size_t MinHeapSize                              = 104857600                                 {product} {command line}
   size_t NewSize                                  = 34603008                                  {product} {ergonomic}
    uintx NonNMethodCodeHeapSize                   = 7602480                                {pd product} {ergonomic}
    uintx NonProfiledCodeHeapSize                  = 122027880                              {pd product} {ergonomic}
   size_t OldSize                                  = 70254592                                  {product} {ergonomic}
    uintx ProfiledCodeHeapSize                     = 122027880                              {pd product} {ergonomic}
    uintx ReservedCodeCacheSize                    = 251658240                              {pd product} {ergonomic}
     bool SegmentedCodeCache                       = true                                      {product} {ergonomic}
   size_t SoftMaxHeapSize                          = 2147483648                             {manageable} {ergonomic}
     bool UseCompressedOops                        = true                           {product lp64_product} {ergonomic}
     bool UseLargePagesIndividualAllocation        = false                                  {pd product} {ergonomic}
     bool UseParallelGC                            = true                                      {product} {command line}

Logging:
Log output configuration:
 #0: stdout all=off uptime,level,tags foldmultilines=false
 #1: stderr all=off uptime,level,tags foldmultilines=false

Environment Variables:
JAVA_HOME=C:\Program Files\Java\jdk-23
PATH=F:\Mobile\bin;f:\cursor\resources\app\bin;C:\Program Files\Common Files\Oracle\Java\javapath;C:\Windows\system32;C:\Windows;C:\Windows\System32\Wbem;C:\Windows\System32\WindowsPowerShell\v1.0\;C:\Windows\System32\OpenSSH\;C:\Program Files\dotnet\;C:\Program Files (x86)\Microsoft SQL Server\160\Tools\Binn\;C:\Program Files\Microsoft SQL Server\160\Tools\Binn\;C:\Program Files\Microsoft SQL Server\Client SDK\ODBC\170\Tools\Binn\;C:\Program Files\Microsoft SQL Server\160\DTS\Binn\;C:\Program Files (x86)\Microsoft SQL Server\160\DTS\Binn\;F:\MSY2\ucrt64\bin;F:\Git\cmd;C:\Program Files\Java\jdk-23\bin;C:\Program Files\Microsoft SQL Server\150\Tools\Binn\;C:\Users\ASUS\AppData\Local\Microsoft\WindowsApps;F:\MSY2\ucrt64\bin;C:\Users\ASUS\AppData\Local\Muse Hub\lib;C:\Users\ASUS\.dotnet\tools;F:\tesseract-5.5.0\tesseract-5.5.0;C:\Program Files\Tesseract-OCR;F:\cursor\resources\app\bin;f:\cursor\resources\app\bin;C:\Program Files\Cloudflare\Cloudflare WARP\;C:\Windows\system32\config\systemprofile\AppData\Local\Muse Hub\lib;F:\NodeJs\;F:\Python\Scripts\;F:\Python\;C:\Users\ASUS\AppData\Local\Programs\Python\Launcher\;C:\Users\ASUS\AppData\Local\Microsoft\WindowsApps;F:\Microsoft VS Code\bin;C:\Users\ASUS\AppData\Local\Muse Hub\lib;C:\Users\ASUS\.dotnet\tools;F:\tesseract-5.5.0\tesseract-5.5.0;C:\Program Files\Tesseract-OCR;F:\cursor\resources\app\bin;C:\Program Files\Java\jdk-23\bin;F:\flutter_windows_3.35.1-stable\flutter\bin;F:\MSY2\ucrt64\bin;F:\flutter_pub_cache\bin;F:\flutter_windows_3.32.0-stable\flutter\bin;C:\Users\ASUS\AppData\Roaming\npm;F:\NodeJs\;
USERNAME=ASUS
OS=Windows_NT
PROCESSOR_IDENTIFIER=Intel64 Family 6 Model 186 Stepping 2, GenuineIntel
TMP=F:\Temp
TEMP=F:\Temp




Periodic native trim disabled

---------------  S Y S T E M  ---------------

OS:
 Windows 11 , 64 bit Build 22621 (10.0.22621.5415)
OS uptime: 1 days 0:25 hours
Hyper-V role detected

CPU: total 16 (initial active 16) (8 cores per cpu, 2 threads per core) family 6 model 186 stepping 2 microcode 0x410e, cx8, cmov, fxsr, ht, mmx, 3dnowpref, sse, sse2, sse3, ssse3, sse4.1, sse4.2, popcnt, lzcnt, tsc, tscinvbit, avx, avx2, aes, erms, clmul, bmi1, bmi2, adx, sha, fma, vzeroupper, clflush, clflushopt, clwb, hv, serialize, rdtscp, rdpid, fsrm, f16c, cet_ibt, cet_ss
Processor Information for processor 0
  Max Mhz: 2600, Current Mhz: 2600, Mhz Limit: 2600
Processor Information for processor 1
  Max Mhz: 2600, Current Mhz: 2600, Mhz Limit: 2600
Processor Information for processor 2
  Max Mhz: 2600, Current Mhz: 2600, Mhz Limit: 2600
Processor Information for processor 3
  Max Mhz: 2600, Current Mhz: 2600, Mhz Limit: 2600
Processor Information for processor 4
  Max Mhz: 2600, Current Mhz: 2600, Mhz Limit: 2600
Processor Information for processor 5
  Max Mhz: 2600, Current Mhz: 2600, Mhz Limit: 2600
Processor Information for processor 6
  Max Mhz: 2600, Current Mhz: 2600, Mhz Limit: 2600
Processor Information for processor 7
  Max Mhz: 2600, Current Mhz: 2600, Mhz Limit: 2600
Processor Information for processor 8
  Max Mhz: 2600, Current Mhz: 1900, Mhz Limit: 1898
Processor Information for processor 9
  Max Mhz: 2600, Current Mhz: 1900, Mhz Limit: 1898
Processor Information for processor 10
  Max Mhz: 2600, Current Mhz: 1900, Mhz Limit: 1898
Processor Information for processor 11
  Max Mhz: 2600, Current Mhz: 1900, Mhz Limit: 1898
Processor Information for processor 12
  Max Mhz: 2600, Current Mhz: 1900, Mhz Limit: 1898
Processor Information for processor 13
  Max Mhz: 2600, Current Mhz: 1900, Mhz Limit: 1898
Processor Information for processor 14
  Max Mhz: 2600, Current Mhz: 1900, Mhz Limit: 1898
Processor Information for processor 15
  Max Mhz: 2600, Current Mhz: 1900, Mhz Limit: 1898

Memory: 4k page, system-wide physical 16008M (89M free)
TotalPageFile size 24607M (AvailPageFile size 5M)
current process WorkingSet (physical memory assigned to process): 106M, peak: 112M
current process commit charge ("private bytes"): 267M, peak: 273M

vm_info: OpenJDK 64-Bit Server VM (21.0.8+9-LTS) for windows-amd64 JRE (21.0.8+9-LTS), built on 2025-07-15T00:00:00Z by "admin" with MS VC++ 17.7 (VS2022)

END.
